#
# A fatal error has been detected by the Java Runtime Environment:
#
#  SIGSEGV (0xb) at pc=0x00007fe756456f84, pid=7231, tid=140631115540224
#
# JRE version: OpenJDK Runtime Environment (7.0_65-b32) (build 1.7.0_65-b32)
# Java VM: OpenJDK 64-Bit Server VM (24.65-b04 mixed mode linux-amd64 compressed oops)
# Derivative: IcedTea 2.5.3
# Distribution: Ubuntu 14.04 LTS, package 7u71-2.5.3-0ubuntu0.14.04.1
# Problematic frame:
# V  [libjvm.so+0x545f84]  STWGCTimer::register_gc_start(Ticks const&)+0x14
#
# Failed to write core dump. Core dumps have been disabled. To enable core dumping, try "ulimit -c unlimited" before starting Java again
#
# If you would like to submit a bug report, please include
# instructions on how to reproduce the bug and visit:
#   http://icedtea.classpath.org/bugzilla
#

---------------  T H R E A D  ---------------

Current thread (0x00007fe750082800):  VMThread [stack: 0x00007fe73b9fa000,0x00007fe73bafb000] [id=7246]

siginfo:si_signo=SIGSEGV: si_errno=0, si_code=1 (SEGV_MAPERR), si_addr=0x0000000000000000

Registers:
RAX=0x0000000000000000, RBX=0x00007fe756cf6260, RCX=0x0000000000000018, RDX=0x0000000000009223
RSP=0x00007fe73baf96c0, RBP=0x00007fe73baf96e0, RSI=0x00007fe73baf9970, RDI=0x00007fe756cf6260
R8 =0x0000000000000000, R9 =0x0000000000000001, R10=0x000000005486caa1, R11=0x0000000000000001
R12=0x00007fe756d0a960, R13=0x00007fe7500212a0, R14=0x0000000000000006, R15=0x000000000000000a
RIP=0x00007fe756456f84, EFLAGS=0x0000000000010206, CSGSFS=0x0000000000000033, ERR=0x0000000000000006
  TRAPNO=0x000000000000000e

Top of Stack: (sp=0x00007fe73baf96c0)
0x00007fe73baf96c0:   000000005486caa1 00007fe75001cb00
0x00007fe73baf96d0:   00007fe756d0a960 00007fe7500212a0
0x00007fe73baf96e0:   00007fe73baf9a70 00007fe7567418dc
0x00007fe73baf96f0:   0000000026d00000 0000000013300000
0x00007fe73baf9700:   0000000000000000 00007fe70000000a
0x00007fe73baf9710:   00007fe75001f630 0000000000000000
0x00007fe73baf9720:   00000000010d0000 00000000014b51f8
0x00007fe73baf9730:   0000000013300000 00007fe75001f630
0x00007fe73baf9740:   00000000000003d8 0000000000f80000
0x00007fe73baf9750:   00007fe73baf9870 00007fe73baf9850
0x00007fe73baf9760:   00007fe73baf9930 00007fe73baf9900
0x00007fe73baf9770:   00007fe750033da8 00007fe7500339d0
0x00007fe73baf9780:   00007fe756cf4850 00007fe756cd03f0
0x00007fe73baf9790:   00007fe756cec36d 00007fe750081de0
0x00007fe73baf97a0:   0000000000000000 00007fe7500339c0
0x00007fe73baf97b0:   00000000000a918e 00007fe750021880
0x00007fe73baf97c0:   00007fe756cf5910 00007fe75001f8e0
0x00007fe73baf97d0:   00007fe7500212a0 0000000a00000100
0x00007fe73baf97e0:   00007fe73baf9970 00007fe75001f970
0x00007fe73baf97f0:   00000000000000bc 000000000000007c
0x00007fe73baf9800:   0000000000000532 0000000000000009
0x00007fe73baf9810:   000000005740e80c 00007fe7500339c0
0x00007fe73baf9820:   000000005740f174 00007fe7566d1d1a
0x00007fe73baf9830:   000000005740f850 00007fe73baf98f0
0x00007fe73baf9840:   00000000bc2891e8 000000213baf9940
0x00007fe73baf9850:   0101010101010100 00007fe70000000a
0x00007fe73baf9860:   00007fe756cba0f0 00007fe750080b00
0x00007fe73baf9870:   00007fe73baf99b0 00007fe750080100
0x00007fe73baf9880:   0000000000000000 0000000000000000
0x00007fe73baf9890:   00007fe73baf98f0 0000000000000000
0x00007fe73baf98a0:   00007fe73baf9990 00007fe73baf9b30
0x00007fe73baf98b0:   00007fe73baf9b00 00007fe75675c5ce 

Instructions: (pc=0x00007fe756456f84)
0x00007fe756456f64:   68 01 00 00 41 8b 34 24 eb 9f 66 90 55 48 89 e5
0x00007fe756456f74:   41 55 41 54 53 48 89 fb 48 83 ec 08 48 8b 47 18
0x00007fe756456f84:   c7 00 00 00 00 00 c7 47 34 00 00 00 00 48 c7 47
0x00007fe756456f94:   38 00 00 00 00 48 c7 47 40 00 00 00 00 4c 8b 67 

Register to memory mapping:

RAX=0x0000000000000000 is an unknown value
RBX=0x00007fe756cf6260: <offset 0xde5260> in /usr/lib/jvm/java-7-openjdk-amd64/jre/lib/amd64/server/libjvm.so at 0x00007fe755f11000
RCX=0x0000000000000018 is an unknown value
RDX=0x0000000000009223 is an unknown value
RSP=0x00007fe73baf96c0 is an unknown value
RBP=0x00007fe73baf96e0 is an unknown value
RSI=0x00007fe73baf9970 is an unknown value
RDI=0x00007fe756cf6260: <offset 0xde5260> in /usr/lib/jvm/java-7-openjdk-amd64/jre/lib/amd64/server/libjvm.so at 0x00007fe755f11000
R8 =0x0000000000000000 is an unknown value
R9 =0x0000000000000001 is an unknown value
R10=0x000000005486caa1 is an unknown value
R11=0x0000000000000001 is an unknown value
R12=0x00007fe756d0a960: <offset 0xdf9960> in /usr/lib/jvm/java-7-openjdk-amd64/jre/lib/amd64/server/libjvm.so at 0x00007fe755f11000
R13=0x00007fe7500212a0 is an unknown value
R14=0x0000000000000006 is an unknown value
R15=0x000000000000000a is an unknown value


Stack: [0x00007fe73b9fa000,0x00007fe73bafb000],  sp=0x00007fe73baf96c0,  free space=1021k
Native frames: (J=compiled Java code, j=interpreted, Vv=VM code, C=native code)
V  [libjvm.so+0x545f84]  STWGCTimer::register_gc_start(Ticks const&)+0x14
V  [libjvm.so+0x8308dc]  PSScavenge::invoke_no_policy()+0x4c
V  [libjvm.so+0x831e48]  PSScavenge::invoke()+0x38
V  [libjvm.so+0x7e8823]  ParallelScavengeHeap::failed_mem_allocate(unsigned long)+0x63
V  [libjvm.so+0x94a504]  VM_ParallelGCFailedAllocation::doit()+0x84
V  [libjvm.so+0x94e9f7]  VM_Operation::evaluate()+0x47
V  [libjvm.so+0x94d368]  VMThread::evaluate_operation(VM_Operation*)+0x318
V  [libjvm.so+0x94d7c9]  VMThread::loop()+0x219
V  [libjvm.so+0x94dc12]  VMThread::run()+0x72
V  [libjvm.so+0x7c4ac2]  java_start(Thread*)+0xf2

VM_Operation (0x00007fe728c48690): ParallelGCFailedAllocation, mode: safepoint, requested by thread 0x00007fe75042e000


---------------  P R O C E S S  ---------------

Java Threads: ( => current thread )
  0x00007fe6fc004000 JavaThread "Thread-1" [_thread_blocked, id=8177, stack(0x00007fe723cfd000,0x00007fe723dfe000)]
  0x00007fe710001000 JavaThread "SIGTERM handler" daemon [_thread_blocked, id=8174, stack(0x00007fe73b1ef000,0x00007fe73b2f0000)]
  0x00007fe6d8005800 JavaThread "qtp1185288188-66" [_thread_blocked, id=8161, stack(0x00007fe72803e000,0x00007fe72813f000)]
  0x00007fe6d408c800 JavaThread "qtp1185288188-65" [_thread_blocked, id=8160, stack(0x00007fe728a48000,0x00007fe728b49000)]
  0x00007fe6d4009000 JavaThread "qtp1185288188-64" [_thread_blocked, id=8159, stack(0x00007fe728240000,0x00007fe728341000)]
  0x00007fe6d8001000 JavaThread "qtp1185288188-61" [_thread_blocked, id=8153, stack(0x00007fe728442000,0x00007fe728543000)]
  0x00007fe6d4007800 JavaThread "qtp1185288188-62" [_thread_blocked, id=8152, stack(0x00007fe728341000,0x00007fe728442000)]
  0x00007fe6c8093000 JavaThread "qtp1185288188-60" [_thread_blocked, id=8151, stack(0x00007fe72813f000,0x00007fe728240000)]
  0x00007fe6c8092800 JavaThread "qtp1185288188-59" [_thread_blocked, id=8150, stack(0x00007fe728846000,0x00007fe728947000)]
  0x00007fe6c8015800 JavaThread "qtp1185288188-58" [_thread_blocked, id=8149, stack(0x00007fe728745000,0x00007fe728846000)]
  0x00007fe75000e800 JavaThread "DestroyJavaVM" [_thread_blocked, id=7237, stack(0x00007fe757a1a000,0x00007fe757b1b000)]
  0x00007fe75042e000 JavaThread "Eclipse Jetty Console" daemon [_thread_blocked, id=7263, stack(0x00007fe728b49000,0x00007fe728c4a000)]
  0x00007fe75042c000 JavaThread "AWT-XAWT" daemon [_thread_in_native, id=7262, stack(0x00007fe728c4a000,0x00007fe728d4b000)]
  0x00007fe75040d000 JavaThread "Java2D Disposer" daemon [_thread_blocked, id=7261, stack(0x00007fe73806b000,0x00007fe73816c000)]
  0x00007fe7500ce000 JavaThread "Service Thread" daemon [_thread_blocked, id=7259, stack(0x00007fe73aeec000,0x00007fe73afed000)]
  0x00007fe7500cb800 JavaThread "C2 CompilerThread1" daemon [_thread_blocked, id=7258, stack(0x00007fe73afed000,0x00007fe73b0ee000)]
  0x00007fe7500c8800 JavaThread "C2 CompilerThread0" daemon [_thread_blocked, id=7257, stack(0x00007fe73b0ee000,0x00007fe73b1ef000)]
  0x00007fe7500c6800 JavaThread "JDWP Event Helper Thread" daemon [_thread_blocked, id=7252, stack(0x00007fe73b2f0000,0x00007fe73b3f1000)]
  0x00007fe7500c2800 JavaThread "JDWP Transport Listener: dt_socket" daemon [_thread_in_native, id=7251, stack(0x00007fe73b3f1000,0x00007fe73b4f2000)]
  0x00007fe7500b5000 JavaThread "Signal Dispatcher" daemon [_thread_blocked, id=7249, stack(0x00007fe73b6f7000,0x00007fe73b7f8000)]
  0x00007fe750089000 JavaThread "Finalizer" daemon [_thread_blocked, id=7248, stack(0x00007fe73b7f8000,0x00007fe73b8f9000)]
  0x00007fe750087000 JavaThread "Reference Handler" daemon [_thread_blocked, id=7247, stack(0x00007fe73b8f9000,0x00007fe73b9fa000)]

Other Threads:
=>0x00007fe750082800 VMThread [stack: 0x00007fe73b9fa000,0x00007fe73bafb000] [id=7246]
  0x00007fe7500d8800 WatcherThread [stack: 0x00007fe73adeb000,0x00007fe73aeec000] [id=7260]

VM state:at safepoint (normal execution)

VM Mutex/Monitor currently owned by a thread:  ([mutex/lock_event])
[0x00007fe75000ae20] Threads_lock - owner thread: 0x00007fe750082800
[0x00007fe75000b320] Heap_lock - owner thread: 0x00007fe75042e000

Heap
 PSYoungGen      total 14336K, used 14311K [0x00000000ec900000, 0x00000000ee380000, 0x0000000100000000)
  eden space 12288K, 100% used [0x00000000ec900000,0x00000000ed500000,0x00000000ed500000)
  from space 2048K, 98% used [0x00000000eda80000,0x00000000edc79c80,0x00000000edc80000)
  to   space 5632K, 0% used [0x00000000ed500000,0x00000000ed500000,0x00000000eda80000)
 ParOldGen       total 39424K, used 5411K [0x00000000c5c00000, 0x00000000c8280000, 0x00000000ec900000)
  object space 39424K, 13% used [0x00000000c5c00000,0x00000000c6148c70,0x00000000c8280000)
 PSPermGen       total 31744K, used 21303K [0x00000000bb600000, 0x00000000bd500000, 0x00000000c5c00000)
  object space 31744K, 67% used [0x00000000bb600000,0x00000000bcacdc60,0x00000000bd500000)

Card table byte_map: [0x00007fe74c7b9000,0x00007fe74c9df000] byte_map_base: 0x00007fe74c1de000

Polling page: 0x00007fe757b3f000

Code Cache  [0x00007fe74c9df000, 0x00007fe74cc4f000, 0x00007fe74f9df000)
 total_blobs=732 nmethods=335 adapters=358 free_code_cache=47583Kb largest_free_block=48689152

Compilation events (10 events):
Event: 1492,669 Thread 0x00007fe7500cb800 nmethod 338 0x00007fe74cb65190 code [0x00007fe74cb65360, 0x00007fe74cb66250]
Event: 1492,669 Thread 0x00007fe7500cb800  342             sun.nio.cs.StreamDecoder::read (5 bytes)
Event: 1492,671 Thread 0x00007fe7500c8800 nmethod 341 0x00007fe74cb62750 code [0x00007fe74cb628c0, 0x00007fe74cb63068]
Event: 1492,671 Thread 0x00007fe7500c8800  343   !         sun.nio.cs.StreamDecoder::read0 (116 bytes)
Event: 1492,672 Thread 0x00007fe7500cb800 nmethod 342 0x00007fe74cb54810 code [0x00007fe74cb54960, 0x00007fe74cb55088]
Event: 1492,672 Thread 0x00007fe7500cb800  344             net.sourceforge.eclipsejetty.starter.console.util.Tokenizer::isWhitespace (30 bytes)
Event: 1492,672 Thread 0x00007fe7500cb800 nmethod 344 0x00007fe74cb62550 code [0x00007fe74cb62680, 0x00007fe74cb626d8]
Event: 1492,672 Thread 0x00007fe7500cb800  345 % !         net.sourceforge.eclipsejetty.starter.console.util.Tokenizer::read @ 167 (237 bytes)
Event: 1492,673 Thread 0x00007fe7500c8800 nmethod 343 0x00007fe74cb53e10 code [0x00007fe74cb53f60, 0x00007fe74cb54688]
Event: 1492,684 Thread 0x00007fe7500cb800 nmethod 345% 0x00007fe74cb51a90 code [0x00007fe74cb51de0, 0x00007fe74cb52f90]

GC Heap History (10 events):
Event: 3,272 GC heap before
{Heap before GC invocations=3 (full 0):
 PSYoungGen      total 17920K, used 8924K [0x00000000ec900000, 0x00000000edc80000, 0x0000000100000000)
  eden space 15872K, 43% used [0x00000000ec900000,0x00000000ecfb7240,0x00000000ed880000)
  from space 2048K, 100% used [0x00000000eda80000,0x00000000edc80000,0x00000000edc80000)
  to   space 2048K, 0% used [0x00000000ed880000,0x00000000ed880000,0x00000000eda80000)
 ParOldGen       total 39424K, used 4207K [0x00000000c5c00000, 0x00000000c8280000, 0x00000000ec900000)
  object space 39424K, 10% used [0x00000000c5c00000,0x00000000c601bc20,0x00000000c8280000)
 PSPermGen       total 21504K, used 15844K [0x00000000bb600000, 0x00000000bcb00000, 0x00000000c5c00000)
  object space 21504K, 73% used [0x00000000bb600000,0x00000000bc5790d0,0x00000000bcb00000)
Event: 3,281 GC heap after
Heap after GC invocations=3 (full 0):
 PSYoungGen      total 17920K, used 2032K [0x00000000ec900000, 0x00000000edc80000, 0x0000000100000000)
  eden space 15872K, 0% used [0x00000000ec900000,0x00000000ec900000,0x00000000ed880000)
  from space 2048K, 99% used [0x00000000ed880000,0x00000000eda7c010,0x00000000eda80000)
  to   space 2048K, 0% used [0x00000000eda80000,0x00000000eda80000,0x00000000edc80000)
 ParOldGen       total 39424K, used 5540K [0x00000000c5c00000, 0x00000000c8280000, 0x00000000ec900000)
  object space 39424K, 14% used [0x00000000c5c00000,0x00000000c6169020,0x00000000c8280000)
 PSPermGen       total 21504K, used 15844K [0x00000000bb600000, 0x00000000bcb00000, 0x00000000c5c00000)
  object space 21504K, 73% used [0x00000000bb600000,0x00000000bc5790d0,0x00000000bcb00000)
}
Event: 3,281 GC heap before
{Heap before GC invocations=4 (full 1):
 PSYoungGen      total 17920K, used 2032K [0x00000000ec900000, 0x00000000edc80000, 0x0000000100000000)
  eden space 15872K, 0% used [0x00000000ec900000,0x00000000ec900000,0x00000000ed880000)
  from space 2048K, 99% used [0x00000000ed880000,0x00000000eda7c010,0x00000000eda80000)
  to   space 2048K, 0% used [0x00000000eda80000,0x00000000eda80000,0x00000000edc80000)
 ParOldGen       total 39424K, used 5540K [0x00000000c5c00000, 0x00000000c8280000, 0x00000000ec900000)
  object space 39424K, 14% used [0x00000000c5c00000,0x00000000c6169020,0x00000000c8280000)
 PSPermGen       total 21504K, used 15844K [0x00000000bb600000, 0x00000000bcb00000, 0x00000000c5c00000)
  object space 21504K, 73% used [0x00000000bb600000,0x00000000bc5790d0,0x00000000bcb00000)
Event: 3,320 GC heap after
Heap after GC invocations=4 (full 1):
 PSYoungGen      total 17920K, used 0K [0x00000000ec900000, 0x00000000edc80000, 0x0000000100000000)
  eden space 15872K, 0% used [0x00000000ec900000,0x00000000ec900000,0x00000000ed880000)
  from space 2048K, 0% used [0x00000000ed880000,0x00000000ed880000,0x00000000eda80000)
  to   space 2048K, 0% used [0x00000000eda80000,0x00000000eda80000,0x00000000edc80000)
 ParOldGen       total 39424K, used 3980K [0x00000000c5c00000, 0x00000000c8280000, 0x00000000ec900000)
  object space 39424K, 10% used [0x00000000c5c00000,0x00000000c5fe31f8,0x00000000c8280000)
 PSPermGen       total 31744K, used 15839K [0x00000000bb600000, 0x00000000bd500000, 0x00000000c5c00000)
  object space 31744K, 49% used [0x00000000bb600000,0x00000000bc577e40,0x00000000bd500000)
}
Event: 432,331 GC heap before
{Heap before GC invocations=5 (full 1):
 PSYoungGen      total 17920K, used 15872K [0x00000000ec900000, 0x00000000edc80000, 0x0000000100000000)
  eden space 15872K, 100% used [0x00000000ec900000,0x00000000ed880000,0x00000000ed880000)
  from space 2048K, 0% used [0x00000000ed880000,0x00000000ed880000,0x00000000eda80000)
  to   space 2048K, 0% used [0x00000000eda80000,0x00000000eda80000,0x00000000edc80000)
 ParOldGen       total 39424K, used 3980K [0x00000000c5c00000, 0x00000000c8280000, 0x00000000ec900000)
  object space 39424K, 10% used [0x00000000c5c00000,0x00000000c5fe31f8,0x00000000c8280000)
 PSPermGen       total 31744K, used 18048K [0x00000000bb600000, 0x00000000bd500000, 0x00000000c5c00000)
  object space 31744K, 56% used [0x00000000bb600000,0x00000000bc7a0240,0x00000000bd500000)
Event: 432,335 GC heap after
Heap after GC invocations=5 (full 1):
 PSYoungGen      total 17920K, used 1987K [0x00000000ec900000, 0x00000000edc80000, 0x0000000100000000)
  eden space 15872K, 0% used [0x00000000ec900000,0x00000000ec900000,0x00000000ed880000)
  from space 2048K, 97% used [0x00000000eda80000,0x00000000edc70f00,0x00000000edc80000)
  to   space 2048K, 0% used [0x00000000ed880000,0x00000000ed880000,0x00000000eda80000)
 ParOldGen       total 39424K, used 3980K [0x00000000c5c00000, 0x00000000c8280000, 0x00000000ec900000)
  object space 39424K, 10% used [0x00000000c5c00000,0x00000000c5fe31f8,0x00000000c8280000)
 PSPermGen       total 31744K, used 18048K [0x00000000bb600000, 0x00000000bd500000, 0x00000000c5c00000)
  object space 31744K, 56% used [0x00000000bb600000,0x00000000bc7a0240,0x00000000bd500000)
}
Event: 1393,577 GC heap before
{Heap before GC invocations=6 (full 1):
 PSYoungGen      total 17920K, used 17859K [0x00000000ec900000, 0x00000000edc80000, 0x0000000100000000)
  eden space 15872K, 100% used [0x00000000ec900000,0x00000000ed880000,0x00000000ed880000)
  from space 2048K, 97% used [0x00000000eda80000,0x00000000edc70f00,0x00000000edc80000)
  to   space 2048K, 0% used [0x00000000ed880000,0x00000000ed880000,0x00000000eda80000)
 ParOldGen       total 39424K, used 3980K [0x00000000c5c00000, 0x00000000c8280000, 0x00000000ec900000)
  object space 39424K, 10% used [0x00000000c5c00000,0x00000000c5fe31f8,0x00000000c8280000)
 PSPermGen       total 31744K, used 18301K [0x00000000bb600000, 0x00000000bd500000, 0x00000000c5c00000)
  object space 31744K, 57% used [0x00000000bb600000,0x00000000bc7df550,0x00000000bd500000)
Event: 1393,579 GC heap after
Heap after GC invocations=6 (full 1):
 PSYoungGen      total 17920K, used 1344K [0x00000000ec900000, 0x00000000edc80000, 0x0000000100000000)
  eden space 15872K, 0% used [0x00000000ec900000,0x00000000ec900000,0x00000000ed880000)
  from space 2048K, 65% used [0x00000000ed880000,0x00000000ed9d0000,0x00000000eda80000)
  to   space 2048K, 0% used [0x00000000eda80000,0x00000000eda80000,0x00000000edc80000)
 ParOldGen       total 39424K, used 3988K [0x00000000c5c00000, 0x00000000c8280000, 0x00000000ec900000)
  object space 39424K, 10% used [0x00000000c5c00000,0x00000000c5fe51f8,0x00000000c8280000)
 PSPermGen       total 31744K, used 18301K [0x00000000bb600000, 0x00000000bd500000, 0x00000000c5c00000)
  object space 31744K, 57% used [0x00000000bb600000,0x00000000bc7df550,0x00000000bd500000)
}
Event: 1463,872 GC heap before
{Heap before GC invocations=7 (full 1):
 PSYoungGen      total 17920K, used 17216K [0x00000000ec900000, 0x00000000edc80000, 0x0000000100000000)
  eden space 15872K, 100% used [0x00000000ec900000,0x00000000ed880000,0x00000000ed880000)
  from space 2048K, 65% used [0x00000000ed880000,0x00000000ed9d0000,0x00000000eda80000)
  to   space 2048K, 0% used [0x00000000eda80000,0x00000000eda80000,0x00000000edc80000)
 ParOldGen       total 39424K, used 3988K [0x00000000c5c00000, 0x00000000c8280000, 0x00000000ec900000)
  object space 39424K, 10% used [0x00000000c5c00000,0x00000000c5fe51f8,0x00000000c8280000)
 PSPermGen       total 31744K, used 20847K [0x00000000bb600000, 0x00000000bd500000, 0x00000000c5c00000)
  object space 31744K, 65% used [0x00000000bb600000,0x00000000bca5bec8,0x00000000bd500000)
Event: 1463,876 GC heap after
Heap after GC invocations=7 (full 1):
 PSYoungGen      total 14336K, used 2023K [0x00000000ec900000, 0x00000000ee380000, 0x0000000100000000)
  eden space 12288K, 0% used [0x00000000ec900000,0x00000000ec900000,0x00000000ed500000)
  from space 2048K, 98% used [0x00000000eda80000,0x00000000edc79c80,0x00000000edc80000)
  to   space 5632K, 0% used [0x00000000ed500000,0x00000000ed500000,0x00000000eda80000)
 ParOldGen       total 39424K, used 5411K [0x00000000c5c00000, 0x00000000c8280000, 0x00000000ec900000)
  object space 39424K, 13% used [0x00000000c5c00000,0x00000000c6148c70,0x00000000c8280000)
 PSPermGen       total 31744K, used 20847K [0x00000000bb600000, 0x00000000bd500000, 0x00000000c5c00000)
  object space 31744K, 65% used [0x00000000bb600000,0x00000000bca5bec8,0x00000000bd500000)
}

Deoptimization events (10 events):
Event: 1459,518 Thread 0x00007fe6e8003800 Uncommon trap: reason=bimorphic action=maybe_recompile pc=0x00007fe74cb2a084 method=java.util.regex.Pattern$BmpCharProperty.match(Ljava/util/regex/Matcher;ILjava/lang/CharSequence;)Z @ 16
Event: 1459,518 Thread 0x00007fe6e8003800 Uncommon trap: reason=bimorphic action=maybe_recompile pc=0x00007fe74cb2a084 method=java.util.regex.Pattern$BmpCharProperty.match(Ljava/util/regex/Matcher;ILjava/lang/CharSequence;)Z @ 16
Event: 1459,519 Thread 0x00007fe6e8003800 Uncommon trap: reason=class_check action=maybe_recompile pc=0x00007fe74cae96d4 method=java.io.Reader.read()I @ 8
Event: 1459,519 Thread 0x00007fe6e8003800 Uncommon trap: reason=class_check action=maybe_recompile pc=0x00007fe74cae96d4 method=java.io.Reader.read()I @ 8
Event: 1459,519 Thread 0x00007fe6e8003800 Uncommon trap: reason=class_check action=maybe_recompile pc=0x00007fe74cae96d4 method=java.io.Reader.read()I @ 8
Event: 1459,519 Thread 0x00007fe6e8003800 Uncommon trap: reason=class_check action=maybe_recompile pc=0x00007fe74cae96d4 method=java.io.Reader.read()I @ 8
Event: 1459,603 Thread 0x00007fe6c8015800 Uncommon trap: reason=unreached action=reinterpret pc=0x00007fe74cb345e8 method=java.nio.channels.spi.AbstractSelector.begin()V @ 4
Event: 1460,004 Thread 0x00007fe6d8001000 Uncommon trap: reason=class_check action=maybe_recompile pc=0x00007fe74cb46bdc method=org.eclipse.jetty.util.thread.QueuedThreadPool$3.run()V @ 14
Event: 1460,004 Thread 0x00007fe6d4007800 Uncommon trap: reason=class_check action=maybe_recompile pc=0x00007fe74cb46bdc method=org.eclipse.jetty.util.thread.QueuedThreadPool$3.run()V @ 14
Event: 1492,630 Thread 0x00007fe6fc002800 Uncommon trap: reason=class_check action=maybe_recompile pc=0x00007fe74ca87d54 method=java.util.HashMap.put(Ljava/lang/Object;Ljava/lang/Object;)Ljava/lang/Object; @ 83

Internal exceptions (10 events):
Event: 1459,497 Thread 0x00007fe6e8003800 Threw 0x00000000ecfb3c80 at /build/buildd/openjdk-7-7u71-2.5.3/build/openjdk/hotspot/src/share/vm/prims/jvm.cpp:1284
Event: 1459,497 Thread 0x00007fe6e8003800 Threw 0x00000000ecfb3f20 at /build/buildd/openjdk-7-7u71-2.5.3/build/openjdk/hotspot/src/share/vm/classfile/systemDictionary.cpp:185
Event: 1459,601 Thread 0x00007fe6e8003800 Threw 0x00000000ed4ce408 at /build/buildd/openjdk-7-7u71-2.5.3/build/openjdk/hotspot/src/share/vm/prims/jvm.cpp:1284
Event: 1463,906 Thread 0x00007fe6d4007800 Threw 0x00000000eca565f8 at /build/buildd/openjdk-7-7u71-2.5.3/build/openjdk/hotspot/src/share/vm/prims/jvm.cpp:1284
Event: 1463,910 Thread 0x00007fe6d4007800 Threw 0x00000000eca95aa8 at /build/buildd/openjdk-7-7u71-2.5.3/build/openjdk/hotspot/src/share/vm/prims/jni.cpp:1636
Event: 1463,918 Thread 0x00007fe6d4007800 Threw 0x00000000ecb2d698 at /build/buildd/openjdk-7-7u71-2.5.3/build/openjdk/hotspot/src/share/vm/prims/jni.cpp:1636
Event: 1463,921 Thread 0x00007fe6d4007800 Threw 0x00000000ecb70200 at /build/buildd/openjdk-7-7u71-2.5.3/build/openjdk/hotspot/src/share/vm/prims/jni.cpp:1636
Event: 1463,924 Thread 0x00007fe6d4007800 Threw 0x00000000ecba8500 at /build/buildd/openjdk-7-7u71-2.5.3/build/openjdk/hotspot/src/share/vm/prims/jni.cpp:1636
Event: 1492,591 Thread 0x00007fe6c8095000 Threw 0x00000000ecc5fe38 at /build/buildd/openjdk-7-7u71-2.5.3/build/openjdk/hotspot/src/share/vm/prims/jvm.cpp:3005
Event: 1492,595 Thread 0x00007fe6fc004000 Threw 0x00000000ecda8e68 at /build/buildd/openjdk-7-7u71-2.5.3/build/openjdk/hotspot/src/share/vm/prims/jni.cpp:1636

Events (10 events):
Event: 1492,626 Executing VM operation: RevokeBias
Event: 1492,626 Executing VM operation: RevokeBias done
Event: 1492,626 Thread 0x00007fe6c8014800 Thread exited: 0x00007fe6c8014800
Event: 1492,629 loading class 0x00007fe7000147a0 done
Event: 1492,629 loading class 0x00007fe6f4195430 done
Event: 1492,630 Thread 0x00007fe6fc002800 Uncommon trap: trap_request=0xffffffde fr.pc=0x00007fe74ca87d54
Event: 1492,630 Thread 0x00007fe6fc002800 DEOPT PACKING pc=0x00007fe74ca87d54 sp=0x00007fe723efd0c0
Event: 1492,630 Thread 0x00007fe6fc002800 DEOPT UNPACKING pc=0x00007fe74ca18445 sp=0x00007fe723efd0b8 mode 2
Event: 1492,649 Thread 0x00007fe6fc002800 Thread exited: 0x00007fe6fc002800
Event: 1492,686 Executing VM operation: ParallelGCFailedAllocation


Dynamic libraries:
00400000-00401000 r-xp 00000000 08:01 530715                             /usr/lib/jvm/java-7-openjdk-amd64/jre/bin/java
00600000-00601000 r--p 00000000 08:01 530715                             /usr/lib/jvm/java-7-openjdk-amd64/jre/bin/java
00601000-00602000 rw-p 00001000 08:01 530715                             /usr/lib/jvm/java-7-openjdk-amd64/jre/bin/java
00832000-00853000 rw-p 00000000 00:00 0                                  [heap]
bb600000-bd500000 rw-p 00000000 00:00 0 
bd500000-c5c00000 rw-p 00000000 00:00 0 
c5c00000-c8280000 rw-p 00000000 00:00 0 
c8280000-ec900000 rw-p 00000000 00:00 0 
ec900000-ee380000 rw-p 00000000 00:00 0 
ee380000-100000000 rw-p 00000000 00:00 0 
7fe6ac000000-7fe6ac021000 rw-p 00000000 00:00 0 
7fe6ac021000-7fe6b0000000 ---p 00000000 00:00 0 
7fe6b0000000-7fe6b0021000 rw-p 00000000 00:00 0 
7fe6b0021000-7fe6b4000000 ---p 00000000 00:00 0 
7fe6b4000000-7fe6b404b000 rw-p 00000000 00:00 0 
7fe6b404b000-7fe6b8000000 ---p 00000000 00:00 0 
7fe6b8000000-7fe6b8021000 rw-p 00000000 00:00 0 
7fe6b8021000-7fe6bc000000 ---p 00000000 00:00 0 
7fe6bc000000-7fe6bc021000 rw-p 00000000 00:00 0 
7fe6bc021000-7fe6c0000000 ---p 00000000 00:00 0 
7fe6c0000000-7fe6c0056000 rw-p 00000000 00:00 0 
7fe6c0056000-7fe6c4000000 ---p 00000000 00:00 0 
7fe6c4000000-7fe6c40e8000 rw-p 00000000 00:00 0 
7fe6c40e8000-7fe6c8000000 ---p 00000000 00:00 0 
7fe6c8000000-7fe6c80d9000 rw-p 00000000 00:00 0 
7fe6c80d9000-7fe6cc000000 ---p 00000000 00:00 0 
7fe6cc000000-7fe6cc021000 rw-p 00000000 00:00 0 
7fe6cc021000-7fe6d0000000 ---p 00000000 00:00 0 
7fe6d0000000-7fe6d0021000 rw-p 00000000 00:00 0 
7fe6d0021000-7fe6d4000000 ---p 00000000 00:00 0 
7fe6d4000000-7fe6d40b4000 rw-p 00000000 00:00 0 
7fe6d40b4000-7fe6d8000000 ---p 00000000 00:00 0 
7fe6d8000000-7fe6d8244000 rw-p 00000000 00:00 0 
7fe6d8244000-7fe6dc000000 ---p 00000000 00:00 0 
7fe6dc000000-7fe6dc021000 rw-p 00000000 00:00 0 
7fe6dc021000-7fe6e0000000 ---p 00000000 00:00 0 
7fe6e0000000-7fe6e0021000 rw-p 00000000 00:00 0 
7fe6e0021000-7fe6e4000000 ---p 00000000 00:00 0 
7fe6e4000000-7fe6e4021000 rw-p 00000000 00:00 0 
7fe6e4021000-7fe6e8000000 ---p 00000000 00:00 0 
7fe6e8000000-7fe6e8021000 rw-p 00000000 00:00 0 
7fe6e8021000-7fe6ec000000 ---p 00000000 00:00 0 
7fe6ec000000-7fe6ec021000 rw-p 00000000 00:00 0 
7fe6ec021000-7fe6f0000000 ---p 00000000 00:00 0 
7fe6f0000000-7fe6f0021000 rw-p 00000000 00:00 0 
7fe6f0021000-7fe6f4000000 ---p 00000000 00:00 0 
7fe6f4000000-7fe6f4e98000 rw-p 00000000 00:00 0 
7fe6f4e98000-7fe6f8000000 ---p 00000000 00:00 0 
7fe6f8000000-7fe6f8021000 rw-p 00000000 00:00 0 
7fe6f8021000-7fe6fc000000 ---p 00000000 00:00 0 
7fe6fc000000-7fe6fc021000 rw-p 00000000 00:00 0 
7fe6fc021000-7fe700000000 ---p 00000000 00:00 0 
7fe700000000-7fe700d63000 rw-p 00000000 00:00 0 
7fe700d63000-7fe704000000 ---p 00000000 00:00 0 
7fe704000000-7fe7040e1000 rw-p 00000000 00:00 0 
7fe7040e1000-7fe708000000 ---p 00000000 00:00 0 
7fe708000000-7fe708021000 rw-p 00000000 00:00 0 
7fe708021000-7fe70c000000 ---p 00000000 00:00 0 
7fe70c000000-7fe70c021000 rw-p 00000000 00:00 0 
7fe70c021000-7fe710000000 ---p 00000000 00:00 0 
7fe710000000-7fe710021000 rw-p 00000000 00:00 0 
7fe710021000-7fe714000000 ---p 00000000 00:00 0 
7fe714000000-7fe714248000 rw-p 00000000 00:00 0 
7fe714248000-7fe718000000 ---p 00000000 00:00 0 
7fe718000000-7fe718021000 rw-p 00000000 00:00 0 
7fe718021000-7fe71c000000 ---p 00000000 00:00 0 
7fe71c000000-7fe71c021000 rw-p 00000000 00:00 0 
7fe71c021000-7fe720000000 ---p 00000000 00:00 0 
7fe723cfd000-7fe723d00000 ---p 00000000 00:00 0 
7fe723d00000-7fe723dfe000 rw-p 00000000 00:00 0                          [stack:8177]
7fe723dfe000-7fe723e01000 ---p 00000000 00:00 0 
7fe723e01000-7fe723eff000 rw-p 00000000 00:00 0 
7fe723eff000-7fe723f02000 ---p 00000000 00:00 0 
7fe723f02000-7fe724000000 rw-p 00000000 00:00 0 
7fe724000000-7fe724021000 rw-p 00000000 00:00 0 
7fe724021000-7fe728000000 ---p 00000000 00:00 0 
7fe72803e000-7fe728041000 ---p 00000000 00:00 0 
7fe728041000-7fe72813f000 rw-p 00000000 00:00 0                          [stack:8161]
7fe72813f000-7fe728142000 ---p 00000000 00:00 0 
7fe728142000-7fe728240000 rw-p 00000000 00:00 0                          [stack:8151]
7fe728240000-7fe728243000 ---p 00000000 00:00 0 
7fe728243000-7fe728341000 rw-p 00000000 00:00 0                          [stack:8159]
7fe728341000-7fe728344000 ---p 00000000 00:00 0 
7fe728344000-7fe728442000 rw-p 00000000 00:00 0                          [stack:8152]
7fe728442000-7fe728445000 ---p 00000000 00:00 0 
7fe728445000-7fe728543000 rw-p 00000000 00:00 0                          [stack:8153]
7fe728543000-7fe728546000 ---p 00000000 00:00 0 
7fe728546000-7fe728644000 rw-p 00000000 00:00 0 
7fe728644000-7fe728647000 ---p 00000000 00:00 0 
7fe728647000-7fe728745000 rw-p 00000000 00:00 0 
7fe728745000-7fe728748000 ---p 00000000 00:00 0 
7fe728748000-7fe728846000 rw-p 00000000 00:00 0                          [stack:8149]
7fe728846000-7fe728849000 ---p 00000000 00:00 0 
7fe728849000-7fe728947000 rw-p 00000000 00:00 0                          [stack:8150]
7fe728947000-7fe72894a000 ---p 00000000 00:00 0 
7fe72894a000-7fe728a48000 rw-p 00000000 00:00 0 
7fe728a48000-7fe728a4b000 ---p 00000000 00:00 0 
7fe728a4b000-7fe728b49000 rw-p 00000000 00:00 0                          [stack:8160]
7fe728b49000-7fe728b4c000 ---p 00000000 00:00 0 
7fe728b4c000-7fe728c4a000 rw-p 00000000 00:00 0                          [stack:7263]
7fe728c4a000-7fe728c4d000 ---p 00000000 00:00 0 
7fe728c4d000-7fe728d4b000 rw-p 00000000 00:00 0                          [stack:7262]
7fe728d4b000-7fe728d50000 r-xp 00000000 08:01 536623                     /usr/lib/x86_64-linux-gnu/libXfixes.so.3.1.0
7fe728d50000-7fe728f4f000 ---p 00005000 08:01 536623                     /usr/lib/x86_64-linux-gnu/libXfixes.so.3.1.0
7fe728f4f000-7fe728f50000 r--p 00004000 08:01 536623                     /usr/lib/x86_64-linux-gnu/libXfixes.so.3.1.0
7fe728f50000-7fe728f51000 rw-p 00005000 08:01 536623                     /usr/lib/x86_64-linux-gnu/libXfixes.so.3.1.0
7fe728f51000-7fe728f5a000 r-xp 00000000 08:01 536615                     /usr/lib/x86_64-linux-gnu/libXcursor.so.1.0.2
7fe728f5a000-7fe729159000 ---p 00009000 08:01 536615                     /usr/lib/x86_64-linux-gnu/libXcursor.so.1.0.2
7fe729159000-7fe72915a000 r--p 00008000 08:01 536615                     /usr/lib/x86_64-linux-gnu/libXcursor.so.1.0.2
7fe72915a000-7fe72915b000 rw-p 00009000 08:01 536615                     /usr/lib/x86_64-linux-gnu/libXcursor.so.1.0.2
7fe72915b000-7fe72915f000 r-xp 00000000 08:01 4923                       /lib/x86_64-linux-gnu/libgpg-error.so.0.10.0
7fe72915f000-7fe72935e000 ---p 00004000 08:01 4923                       /lib/x86_64-linux-gnu/libgpg-error.so.0.10.0
7fe72935e000-7fe72935f000 r--p 00003000 08:01 4923                       /lib/x86_64-linux-gnu/libgpg-error.so.0.10.0
7fe72935f000-7fe729360000 rw-p 00004000 08:01 4923                       /lib/x86_64-linux-gnu/libgpg-error.so.0.10.0
7fe729360000-7fe729362000 r-xp 00000000 08:01 4933                       /lib/x86_64-linux-gnu/libkeyutils.so.1.4
7fe729362000-7fe729562000 ---p 00002000 08:01 4933                       /lib/x86_64-linux-gnu/libkeyutils.so.1.4
7fe729562000-7fe729563000 r--p 00002000 08:01 4933                       /lib/x86_64-linux-gnu/libkeyutils.so.1.4
7fe729563000-7fe729564000 rw-p 00003000 08:01 4933                       /lib/x86_64-linux-gnu/libkeyutils.so.1.4
7fe729564000-7fe729589000 r-xp 00000000 08:01 5005                       /lib/x86_64-linux-gnu/libpng12.so.0.50.0
7fe729589000-7fe729788000 ---p 00025000 08:01 5005                       /lib/x86_64-linux-gnu/libpng12.so.0.50.0
7fe729788000-7fe729789000 r--p 00024000 08:01 5005                       /lib/x86_64-linux-gnu/libpng12.so.0.50.0
7fe729789000-7fe72978a000 rw-p 00025000 08:01 5005                       /lib/x86_64-linux-gnu/libpng12.so.0.50.0
7fe72978a000-7fe7297ce000 r-xp 00000000 08:01 24141                      /lib/x86_64-linux-gnu/libdbus-1.so.3.7.6
7fe7297ce000-7fe7299cd000 ---p 00044000 08:01 24141                      /lib/x86_64-linux-gnu/libdbus-1.so.3.7.6
7fe7299cd000-7fe7299ce000 r--p 00043000 08:01 24141                      /lib/x86_64-linux-gnu/libdbus-1.so.3.7.6
7fe7299ce000-7fe7299cf000 rw-p 00044000 08:01 24141                      /lib/x86_64-linux-gnu/libdbus-1.so.3.7.6
7fe7299cf000-7fe729a0a000 r-xp 00000000 08:01 537335                     /usr/lib/x86_64-linux-gnu/libp11-kit.so.0.0.0
7fe729a0a000-7fe729c09000 ---p 0003b000 08:01 537335                     /usr/lib/x86_64-linux-gnu/libp11-kit.so.0.0.0
7fe729c09000-7fe729c0f000 r--p 0003a000 08:01 537335                     /usr/lib/x86_64-linux-gnu/libp11-kit.so.0.0.0
7fe729c0f000-7fe729c11000 rw-p 00040000 08:01 537335                     /usr/lib/x86_64-linux-gnu/libp11-kit.so.0.0.0
7fe729c11000-7fe729c23000 r-xp 00000000 08:01 537520                     /usr/lib/x86_64-linux-gnu/libtasn1.so.6.2.0
7fe729c23000-7fe729e23000 ---p 00012000 08:01 537520                     /usr/lib/x86_64-linux-gnu/libtasn1.so.6.2.0
7fe729e23000-7fe729e24000 r--p 00012000 08:01 537520                     /usr/lib/x86_64-linux-gnu/libtasn1.so.6.2.0
7fe729e24000-7fe729e25000 rw-p 00013000 08:01 537520                     /usr/lib/x86_64-linux-gnu/libtasn1.so.6.2.0
7fe729e25000-7fe729ea1000 r-xp 00000000 08:01 5577                       /lib/x86_64-linux-gnu/libgcrypt.so.11.8.2
7fe729ea1000-7fe72a0a0000 ---p 0007c000 08:01 5577                       /lib/x86_64-linux-gnu/libgcrypt.so.11.8.2
7fe72a0a0000-7fe72a0a1000 r--p 0007b000 08:01 5577                       /lib/x86_64-linux-gnu/libgcrypt.so.11.8.2
7fe72a0a1000-7fe72a0a4000 rw-p 0007c000 08:01 5577                       /lib/x86_64-linux-gnu/libgcrypt.so.11.8.2
7fe72a0a4000-7fe72a0ae000 r-xp 00000000 08:01 529037                     /usr/lib/x86_64-linux-gnu/libkrb5support.so.0.1
7fe72a0ae000-7fe72a2ad000 ---p 0000a000 08:01 529037                     /usr/lib/x86_64-linux-gnu/libkrb5support.so.0.1
7fe72a2ad000-7fe72a2ae000 r--p 00009000 08:01 529037                     /usr/lib/x86_64-linux-gnu/libkrb5support.so.0.1
7fe72a2ae000-7fe72a2af000 rw-p 0000a000 08:01 529037                     /usr/lib/x86_64-linux-gnu/libkrb5support.so.0.1
7fe72a2af000-7fe72a2b2000 r-xp 00000000 08:01 4899                       /lib/x86_64-linux-gnu/libcom_err.so.2.1
7fe72a2b2000-7fe72a4b1000 ---p 00003000 08:01 4899                       /lib/x86_64-linux-gnu/libcom_err.so.2.1
7fe72a4b1000-7fe72a4b2000 r--p 00002000 08:01 4899                       /lib/x86_64-linux-gnu/libcom_err.so.2.1
7fe72a4b2000-7fe72a4b3000 rw-p 00003000 08:01 4899                       /lib/x86_64-linux-gnu/libcom_err.so.2.1
7fe72a4b3000-7fe72a4df000 r-xp 00000000 08:01 529012                     /usr/lib/x86_64-linux-gnu/libk5crypto.so.3.1
7fe72a4df000-7fe72a6de000 ---p 0002c000 08:01 529012                     /usr/lib/x86_64-linux-gnu/libk5crypto.so.3.1
7fe72a6de000-7fe72a6e0000 r--p 0002b000 08:01 529012                     /usr/lib/x86_64-linux-gnu/libk5crypto.so.3.1
7fe72a6e0000-7fe72a6e1000 rw-p 0002d000 08:01 529012                     /usr/lib/x86_64-linux-gnu/libk5crypto.so.3.1
7fe72a6e1000-7fe72a6e2000 rw-p 00000000 00:00 0 
7fe72a6e2000-7fe72a79e000 r-xp 00000000 08:01 529029                     /usr/lib/x86_64-linux-gnu/libkrb5.so.3.3
7fe72a79e000-7fe72a99e000 ---p 000bc000 08:01 529029                     /usr/lib/x86_64-linux-gnu/libkrb5.so.3.3
7fe72a99e000-7fe72a9ab000 r--p 000bc000 08:01 529029                     /usr/lib/x86_64-linux-gnu/libkrb5.so.3.3
7fe72a9ab000-7fe72a9ad000 rw-p 000c9000 08:01 529029                     /usr/lib/x86_64-linux-gnu/libkrb5.so.3.3
7fe72a9ad000-7fe72a9b2000 r-xp 00000000 08:01 536619                     /usr/lib/x86_64-linux-gnu/libXdmcp.so.6.0.0
7fe72a9b2000-7fe72abb1000 ---p 00005000 08:01 536619                     /usr/lib/x86_64-linux-gnu/libXdmcp.so.6.0.0
7fe72abb1000-7fe72abb2000 r--p 00004000 08:01 536619                     /usr/lib/x86_64-linux-gnu/libXdmcp.so.6.0.0
7fe72abb2000-7fe72abb3000 rw-p 00005000 08:01 536619                     /usr/lib/x86_64-linux-gnu/libXdmcp.so.6.0.0
7fe72abb3000-7fe72abb5000 r-xp 00000000 08:01 536608                     /usr/lib/x86_64-linux-gnu/libXau.so.6.0.0
7fe72abb5000-7fe72adb5000 ---p 00002000 08:01 536608                     /usr/lib/x86_64-linux-gnu/libXau.so.6.0.0
7fe72adb5000-7fe72adb6000 r--p 00002000 08:01 536608                     /usr/lib/x86_64-linux-gnu/libXau.so.6.0.0
7fe72adb6000-7fe72adb7000 rw-p 00003000 08:01 536608                     /usr/lib/x86_64-linux-gnu/libXau.so.6.0.0
7fe72adb7000-7fe72adde000 r-xp 00000000 08:01 4912                       /lib/x86_64-linux-gnu/libexpat.so.1.6.0
7fe72adde000-7fe72afde000 ---p 00027000 08:01 4912                       /lib/x86_64-linux-gnu/libexpat.so.1.6.0
7fe72afde000-7fe72afe0000 r--p 00027000 08:01 4912                       /lib/x86_64-linux-gnu/libexpat.so.1.6.0
7fe72afe0000-7fe72afe1000 rw-p 00029000 08:01 4912                       /lib/x86_64-linux-gnu/libexpat.so.1.6.0
7fe72afe1000-7fe72b07e000 r-xp 00000000 08:01 536928                     /usr/lib/x86_64-linux-gnu/libfreetype.so.6.11.1
7fe72b07e000-7fe72b27d000 ---p 0009d000 08:01 536928                     /usr/lib/x86_64-linux-gnu/libfreetype.so.6.11.1
7fe72b27d000-7fe72b283000 r--p 0009c000 08:01 536928                     /usr/lib/x86_64-linux-gnu/libfreetype.so.6.11.1
7fe72b283000-7fe72b284000 rw-p 000a2000 08:01 536928                     /usr/lib/x86_64-linux-gnu/libfreetype.so.6.11.1
7fe72b284000-7fe72b293000 r-xp 00000000 08:01 536712                     /usr/lib/x86_64-linux-gnu/libavahi-client.so.3.2.9
7fe72b293000-7fe72b493000 ---p 0000f000 08:01 536712                     /usr/lib/x86_64-linux-gnu/libavahi-client.so.3.2.9
7fe72b493000-7fe72b494000 r--p 0000f000 08:01 536712                     /usr/lib/x86_64-linux-gnu/libavahi-client.so.3.2.9
7fe72b494000-7fe72b495000 rw-p 00010000 08:01 536712                     /usr/lib/x86_64-linux-gnu/libavahi-client.so.3.2.9
7fe72b495000-7fe72b4a0000 r-xp 00000000 08:01 536714                     /usr/lib/x86_64-linux-gnu/libavahi-common.so.3.5.3
7fe72b4a0000-7fe72b69f000 ---p 0000b000 08:01 536714                     /usr/lib/x86_64-linux-gnu/libavahi-common.so.3.5.3
7fe72b69f000-7fe72b6a0000 r--p 0000a000 08:01 536714                     /usr/lib/x86_64-linux-gnu/libavahi-common.so.3.5.3
7fe72b6a0000-7fe72b6a1000 rw-p 0000b000 08:01 536714                     /usr/lib/x86_64-linux-gnu/libavahi-common.so.3.5.3
7fe72b6a1000-7fe72b757000 r-xp 00000000 08:01 537015                     /usr/lib/x86_64-linux-gnu/libgnutls.so.26.22.6
7fe72b757000-7fe72b957000 ---p 000b6000 08:01 537015                     /usr/lib/x86_64-linux-gnu/libgnutls.so.26.22.6
7fe72b957000-7fe72b95d000 r--p 000b6000 08:01 537015                     /usr/lib/x86_64-linux-gnu/libgnutls.so.26.22.6
7fe72b95d000-7fe72b95e000 rw-p 000bc000 08:01 537015                     /usr/lib/x86_64-linux-gnu/libgnutls.so.26.22.6
7fe72b95e000-7fe72b95f000 rw-p 00000000 00:00 0 
7fe72b95f000-7fe72b9a2000 r-xp 00000000 08:01 529021                     /usr/lib/x86_64-linux-gnu/libgssapi_krb5.so.2.2
7fe72b9a2000-7fe72bba2000 ---p 00043000 08:01 529021                     /usr/lib/x86_64-linux-gnu/libgssapi_krb5.so.2.2
7fe72bba2000-7fe72bba3000 r--p 00043000 08:01 529021                     /usr/lib/x86_64-linux-gnu/libgssapi_krb5.so.2.2
7fe72bba3000-7fe72bba5000 rw-p 00044000 08:01 529021                     /usr/lib/x86_64-linux-gnu/libgssapi_krb5.so.2.2
7fe72bba5000-7fe72bbc2000 r-xp 00000000 08:01 537678                     /usr/lib/x86_64-linux-gnu/libxcb.so.1.1.0
7fe72bbc2000-7fe72bdc2000 ---p 0001d000 08:01 537678                     /usr/lib/x86_64-linux-gnu/libxcb.so.1.1.0
7fe72bdc2000-7fe72bdc3000 r--p 0001d000 08:01 537678                     /usr/lib/x86_64-linux-gnu/libxcb.so.1.1.0
7fe72bdc3000-7fe72bdc4000 rw-p 0001e000 08:01 537678                     /usr/lib/x86_64-linux-gnu/libxcb.so.1.1.0
7fe72bdc4000-7fe72bdfe000 r-xp 00000000 08:01 536900                     /usr/lib/x86_64-linux-gnu/libfontconfig.so.1.8.0
7fe72bdfe000-7fe72bffd000 ---p 0003a000 08:01 536900                     /usr/lib/x86_64-linux-gnu/libfontconfig.so.1.8.0
7fe72bffd000-7fe72bfff000 r--p 00039000 08:01 536900                     /usr/lib/x86_64-linux-gnu/libfontconfig.so.1.8.0
7fe72bfff000-7fe72c000000 rw-p 0003b000 08:01 536900                     /usr/lib/x86_64-linux-gnu/libfontconfig.so.1.8.0
7fe72c000000-7fe72c021000 rw-p 00000000 00:00 0 
7fe72c021000-7fe730000000 ---p 00000000 00:00 0 
7fe730000000-7fe730021000 rw-p 00000000 00:00 0 
7fe730021000-7fe734000000 ---p 00000000 00:00 0 
7fe734000000-7fe734021000 rw-p 00000000 00:00 0 
7fe734021000-7fe738000000 ---p 00000000 00:00 0 
7fe73806b000-7fe73806e000 ---p 00000000 00:00 0 
7fe73806e000-7fe73816c000 rw-p 00000000 00:00 0                          [stack:7261]
7fe73816c000-7fe7381d8000 r-xp 00000000 08:01 527731                     /usr/lib/x86_64-linux-gnu/libcups.so.2
7fe7381d8000-7fe7383d8000 ---p 0006c000 08:01 527731                     /usr/lib/x86_64-linux-gnu/libcups.so.2
7fe7383d8000-7fe7383df000 r--p 0006c000 08:01 527731                     /usr/lib/x86_64-linux-gnu/libcups.so.2
7fe7383df000-7fe7383e0000 rw-p 00073000 08:01 527731                     /usr/lib/x86_64-linux-gnu/libcups.so.2
7fe7383e0000-7fe7383ef000 r-xp 00000000 08:01 536629                     /usr/lib/x86_64-linux-gnu/libXi.so.6.1.0
7fe7383ef000-7fe7385ee000 ---p 0000f000 08:01 536629                     /usr/lib/x86_64-linux-gnu/libXi.so.6.1.0
7fe7385ee000-7fe7385ef000 r--p 0000e000 08:01 536629                     /usr/lib/x86_64-linux-gnu/libXi.so.6.1.0
7fe7385ef000-7fe7385f0000 rw-p 0000f000 08:01 536629                     /usr/lib/x86_64-linux-gnu/libXi.so.6.1.0
7fe7385f0000-7fe7385f5000 r-xp 00000000 08:01 536649                     /usr/lib/x86_64-linux-gnu/libXtst.so.6.1.0
7fe7385f5000-7fe7387f4000 ---p 00005000 08:01 536649                     /usr/lib/x86_64-linux-gnu/libXtst.so.6.1.0
7fe7387f4000-7fe7387f5000 r--p 00004000 08:01 536649                     /usr/lib/x86_64-linux-gnu/libXtst.so.6.1.0
7fe7387f5000-7fe7387f6000 rw-p 00005000 08:01 536649                     /usr/lib/x86_64-linux-gnu/libXtst.so.6.1.0
7fe7387f6000-7fe7387ff000 r-xp 00000000 08:01 536643                     /usr/lib/x86_64-linux-gnu/libXrender.so.1.3.0
7fe7387ff000-7fe7389fe000 ---p 00009000 08:01 536643                     /usr/lib/x86_64-linux-gnu/libXrender.so.1.3.0
7fe7389fe000-7fe7389ff000 r--p 00008000 08:01 536643                     /usr/lib/x86_64-linux-gnu/libXrender.so.1.3.0
7fe7389ff000-7fe738a00000 rw-p 00009000 08:01 536643                     /usr/lib/x86_64-linux-gnu/libXrender.so.1.3.0
7fe738a00000-7fe738b30000 r-xp 00000000 08:01 536604                     /usr/lib/x86_64-linux-gnu/libX11.so.6.3.0
7fe738b30000-7fe738d30000 ---p 00130000 08:01 536604                     /usr/lib/x86_64-linux-gnu/libX11.so.6.3.0
7fe738d30000-7fe738d31000 r--p 00130000 08:01 536604                     /usr/lib/x86_64-linux-gnu/libX11.so.6.3.0
7fe738d31000-7fe738d35000 rw-p 00131000 08:01 536604                     /usr/lib/x86_64-linux-gnu/libX11.so.6.3.0
7fe738d35000-7fe738d46000 r-xp 00000000 08:01 536621                     /usr/lib/x86_64-linux-gnu/libXext.so.6.4.0
7fe738d46000-7fe738f45000 ---p 00011000 08:01 536621                     /usr/lib/x86_64-linux-gnu/libXext.so.6.4.0
7fe738f45000-7fe738f46000 r--p 00010000 08:01 536621                     /usr/lib/x86_64-linux-gnu/libXext.so.6.4.0
7fe738f46000-7fe738f47000 rw-p 00011000 08:01 536621                     /usr/lib/x86_64-linux-gnu/libXext.so.6.4.0
7fe738f47000-7fe738f8f000 r-xp 00000000 08:01 534581                     /usr/lib/jvm/java-7-openjdk-amd64/jre/lib/amd64/xawt/libmawt.so
7fe738f8f000-7fe73918e000 ---p 00048000 08:01 534581                     /usr/lib/jvm/java-7-openjdk-amd64/jre/lib/amd64/xawt/libmawt.so
7fe73918e000-7fe73918f000 r--p 00047000 08:01 534581                     /usr/lib/jvm/java-7-openjdk-amd64/jre/lib/amd64/xawt/libmawt.so
7fe73918f000-7fe739192000 rw-p 00048000 08:01 534581                     /usr/lib/jvm/java-7-openjdk-amd64/jre/lib/amd64/xawt/libmawt.so
7fe739192000-7fe739193000 rw-p 00000000 00:00 0 
7fe739193000-7fe739233000 r-xp 00000000 08:01 529054                     /usr/lib/jvm/java-7-openjdk-amd64/jre/lib/amd64/libawt.so
7fe739233000-7fe739433000 ---p 000a0000 08:01 529054                     /usr/lib/jvm/java-7-openjdk-amd64/jre/lib/amd64/libawt.so
7fe739433000-7fe739434000 r--p 000a0000 08:01 529054                     /usr/lib/jvm/java-7-openjdk-amd64/jre/lib/amd64/libawt.so
7fe739434000-7fe73943f000 rw-p 000a1000 08:01 529054                     /usr/lib/jvm/java-7-openjdk-amd64/jre/lib/amd64/libawt.so
7fe73943f000-7fe739464000 rw-p 00000000 00:00 0 
7fe739464000-7fe73946c000 r-xp 00000000 08:01 528976                     /usr/lib/jvm/java-7-openjdk-amd64/jre/lib/amd64/libmanagement.so
7fe73946c000-7fe73966b000 ---p 00008000 08:01 528976                     /usr/lib/jvm/java-7-openjdk-amd64/jre/lib/amd64/libmanagement.so
7fe73966b000-7fe73966c000 r--p 00007000 08:01 528976                     /usr/lib/jvm/java-7-openjdk-amd64/jre/lib/amd64/libmanagement.so
7fe73966c000-7fe73966d000 rw-p 00008000 08:01 528976                     /usr/lib/jvm/java-7-openjdk-amd64/jre/lib/amd64/libmanagement.so
7fe73966d000-7fe7396aa000 r-xp 00000000 08:01 4993                       /lib/x86_64-linux-gnu/libpcre.so.3.13.1
7fe7396aa000-7fe7398a9000 ---p 0003d000 08:01 4993                       /lib/x86_64-linux-gnu/libpcre.so.3.13.1
7fe7398a9000-7fe7398aa000 r--p 0003c000 08:01 4993                       /lib/x86_64-linux-gnu/libpcre.so.3.13.1
7fe7398aa000-7fe7398ab000 rw-p 0003d000 08:01 4993                       /lib/x86_64-linux-gnu/libpcre.so.3.13.1
7fe7398ab000-7fe7398b2000 r-xp 00000000 08:01 536886                     /usr/lib/x86_64-linux-gnu/libffi.so.6.0.1
7fe7398b2000-7fe739ab1000 ---p 00007000 08:01 536886                     /usr/lib/x86_64-linux-gnu/libffi.so.6.0.1
7fe739ab1000-7fe739ab2000 r--p 00006000 08:01 536886                     /usr/lib/x86_64-linux-gnu/libffi.so.6.0.1
7fe739ab2000-7fe739ab3000 rw-p 00007000 08:01 536886                     /usr/lib/x86_64-linux-gnu/libffi.so.6.0.1
7fe739ab3000-7fe739aca000 r-xp 00000000 08:01 5391                       /lib/x86_64-linux-gnu/libresolv-2.19.so
7fe739aca000-7fe739cca000 ---p 00017000 08:01 5391                       /lib/x86_64-linux-gnu/libresolv-2.19.so
7fe739cca000-7fe739ccb000 r--p 00017000 08:01 5391                       /lib/x86_64-linux-gnu/libresolv-2.19.so
7fe739ccb000-7fe739ccc000 rw-p 00018000 08:01 5391                       /lib/x86_64-linux-gnu/libresolv-2.19.so
7fe739ccc000-7fe739cce000 rw-p 00000000 00:00 0 
7fe739cce000-7fe739cee000 r-xp 00000000 08:01 5020                       /lib/x86_64-linux-gnu/libselinux.so.1
7fe739cee000-7fe739eed000 ---p 00020000 08:01 5020                       /lib/x86_64-linux-gnu/libselinux.so.1
7fe739eed000-7fe739eee000 r--p 0001f000 08:01 5020                       /lib/x86_64-linux-gnu/libselinux.so.1
7fe739eee000-7fe739eef000 rw-p 00020000 08:01 5020                       /lib/x86_64-linux-gnu/libselinux.so.1
7fe739eef000-7fe739ef1000 rw-p 00000000 00:00 0 
7fe739ef1000-7fe739ef4000 r-xp 00000000 08:01 530476                     /usr/lib/x86_64-linux-gnu/libgmodule-2.0.so.0.4002.0
7fe739ef4000-7fe73a0f3000 ---p 00003000 08:01 530476                     /usr/lib/x86_64-linux-gnu/libgmodule-2.0.so.0.4002.0
7fe73a0f3000-7fe73a0f4000 r--p 00002000 08:01 530476                     /usr/lib/x86_64-linux-gnu/libgmodule-2.0.so.0.4002.0
7fe73a0f4000-7fe73a0f5000 rw-p 00003000 08:01 530476                     /usr/lib/x86_64-linux-gnu/libgmodule-2.0.so.0.4002.0
7fe73a0f5000-7fe73a1fb000 r-xp 00000000 08:01 5711                       /lib/x86_64-linux-gnu/libglib-2.0.so.0.4002.0
7fe73a1fb000-7fe73a3fa000 ---p 00106000 08:01 5711                       /lib/x86_64-linux-gnu/libglib-2.0.so.0.4002.0
7fe73a3fa000-7fe73a3fb000 r--p 00105000 08:01 5711                       /lib/x86_64-linux-gnu/libglib-2.0.so.0.4002.0
7fe73a3fb000-7fe73a3fc000 rw-p 00106000 08:01 5711                       /lib/x86_64-linux-gnu/libglib-2.0.so.0.4002.0
7fe73a3fc000-7fe73a3fd000 rw-p 00000000 00:00 0 
7fe73a3fd000-7fe73a44c000 r-xp 00000000 08:01 530478                     /usr/lib/x86_64-linux-gnu/libgobject-2.0.so.0.4002.0
7fe73a44c000-7fe73a64c000 ---p 0004f000 08:01 530478                     /usr/lib/x86_64-linux-gnu/libgobject-2.0.so.0.4002.0
7fe73a64c000-7fe73a64d000 r--p 0004f000 08:01 530478                     /usr/lib/x86_64-linux-gnu/libgobject-2.0.so.0.4002.0
7fe73a64d000-7fe73a64e000 rw-p 00050000 08:01 530478                     /usr/lib/x86_64-linux-gnu/libgobject-2.0.so.0.4002.0
7fe73a64e000-7fe73a7ba000 r-xp 00000000 08:01 530481                     /usr/lib/x86_64-linux-gnu/libgio-2.0.so.0.4002.0
7fe73a7ba000-7fe73a9b9000 ---p 0016c000 08:01 530481                     /usr/lib/x86_64-linux-gnu/libgio-2.0.so.0.4002.0
7fe73a9b9000-7fe73a9bd000 r--p 0016b000 08:01 530481                     /usr/lib/x86_64-linux-gnu/libgio-2.0.so.0.4002.0
7fe73a9bd000-7fe73a9bf000 rw-p 0016f000 08:01 530481                     /usr/lib/x86_64-linux-gnu/libgio-2.0.so.0.4002.0
7fe73a9bf000-7fe73a9c1000 rw-p 00000000 00:00 0 
7fe73a9c1000-7fe73a9d8000 r-xp 00000000 08:01 528272                     /usr/lib/jvm/java-7-openjdk-amd64/jre/lib/amd64/libnet.so
7fe73a9d8000-7fe73abd7000 ---p 00017000 08:01 528272                     /usr/lib/jvm/java-7-openjdk-amd64/jre/lib/amd64/libnet.so
7fe73abd7000-7fe73abd8000 r--p 00016000 08:01 528272                     /usr/lib/jvm/java-7-openjdk-amd64/jre/lib/amd64/libnet.so
7fe73abd8000-7fe73abd9000 rw-p 00017000 08:01 528272                     /usr/lib/jvm/java-7-openjdk-amd64/jre/lib/amd64/libnet.so
7fe73abd9000-7fe73abe9000 r-xp 00000000 08:01 528975                     /usr/lib/jvm/java-7-openjdk-amd64/jre/lib/amd64/libnio.so
7fe73abe9000-7fe73ade9000 ---p 00010000 08:01 528975                     /usr/lib/jvm/java-7-openjdk-amd64/jre/lib/amd64/libnio.so
7fe73ade9000-7fe73adea000 r--p 00010000 08:01 528975                     /usr/lib/jvm/java-7-openjdk-amd64/jre/lib/amd64/libnio.so
7fe73adea000-7fe73adeb000 rw-p 00011000 08:01 528975                     /usr/lib/jvm/java-7-openjdk-amd64/jre/lib/amd64/libnio.so
7fe73adeb000-7fe73adec000 ---p 00000000 00:00 0 
7fe73adec000-7fe73aeec000 rw-p 00000000 00:00 0                          [stack:7260]
7fe73aeec000-7fe73aeef000 ---p 00000000 00:00 0 
7fe73aeef000-7fe73afed000 rw-p 00000000 00:00 0                          [stack:7259]
7fe73afed000-7fe73aff0000 ---p 00000000 00:00 0 
7fe73aff0000-7fe73b0ee000 rw-p 00000000 00:00 0                          [stack:7258]
7fe73b0ee000-7fe73b0f1000 ---p 00000000 00:00 0 
7fe73b0f1000-7fe73b1ef000 rw-p 00000000 00:00 0                          [stack:7257]
7fe73b1ef000-7fe73b1f2000 ---p 00000000 00:00 0 
7fe73b1f2000-7fe73b2f0000 rw-p 00000000 00:00 0                          [stack:8174]
7fe73b2f0000-7fe73b2f3000 ---p 00000000 00:00 0 
7fe73b2f3000-7fe73b3f1000 rw-p 00000000 00:00 0                          [stack:7252]
7fe73b3f1000-7fe73b3f4000 ---p 00000000 00:00 0 
7fe73b3f4000-7fe73b4f2000 rw-p 00000000 00:00 0                          [stack:7251]
7fe73b4f2000-7fe73b4f6000 r-xp 00000000 08:01 528951                     /usr/lib/jvm/java-7-openjdk-amd64/jre/lib/amd64/libdt_socket.so
7fe73b4f6000-7fe73b6f5000 ---p 00004000 08:01 528951                     /usr/lib/jvm/java-7-openjdk-amd64/jre/lib/amd64/libdt_socket.so
7fe73b6f5000-7fe73b6f6000 r--p 00003000 08:01 528951                     /usr/lib/jvm/java-7-openjdk-amd64/jre/lib/amd64/libdt_socket.so
7fe73b6f6000-7fe73b6f7000 rw-p 00004000 08:01 528951                     /usr/lib/jvm/java-7-openjdk-amd64/jre/lib/amd64/libdt_socket.so
7fe73b6f7000-7fe73b6fa000 ---p 00000000 00:00 0 
7fe73b6fa000-7fe73b7f8000 rw-p 00000000 00:00 0                          [stack:7249]
7fe73b7f8000-7fe73b7fb000 ---p 00000000 00:00 0 
7fe73b7fb000-7fe73b8f9000 rw-p 00000000 00:00 0                          [stack:7248]
7fe73b8f9000-7fe73b8fc000 ---p 00000000 00:00 0 
7fe73b8fc000-7fe73b9fa000 rw-p 00000000 00:00 0                          [stack:7247]
7fe73b9fa000-7fe73b9fb000 ---p 00000000 00:00 0 
7fe73b9fb000-7fe73c000000 rw-p 00000000 00:00 0                          [stack:7246]
7fe73c000000-7fe73c021000 rw-p 00000000 00:00 0 
7fe73c021000-7fe740000000 ---p 00000000 00:00 0 
7fe740000000-7fe740021000 rw-p 00000000 00:00 0 
7fe740021000-7fe744000000 ---p 00000000 00:00 0 
7fe744000000-7fe744021000 rw-p 00000000 00:00 0 
7fe744021000-7fe748000000 ---p 00000000 00:00 0 
7fe74804e000-7fe74804f000 rw-p 00000000 00:00 0 
7fe74804f000-7fe748051000 r--s 00007000 08:01 7210088                    /home/sirolf2009/.m2/repository/org/wicketstuff/googlecharts/1.4.20.1/googlecharts-1.4.20.1.jar
7fe748051000-7fe748058000 r--s 00053000 08:01 1055692                    /home/sirolf2009/.m2/repository/log4j/log4j/1.2.14/log4j-1.2.14.jar
7fe748058000-7fe74805a000 r--s 00001000 08:01 6423770                    /home/sirolf2009/.m2/repository/org/slf4j/slf4j-log4j12/1.4.2/slf4j-log4j12-1.4.2.jar
7fe74805a000-7fe74805b000 r--s 00003000 08:01 6423767                    /home/sirolf2009/.m2/repository/org/slf4j/slf4j-api/1.4.2/slf4j-api-1.4.2.jar
7fe74805b000-7fe748080000 r--s 00182000 08:01 6423764                    /home/sirolf2009/.m2/repository/org/apache/wicket/wicket/1.3.2/wicket-1.3.2.jar
7fe748080000-7fe748089000 r--s 000b9000 08:01 526850                     /usr/lib/jvm/java-7-openjdk-amd64/jre/lib/resources.jar
7fe748089000-7fe74808b000 r--s 00013000 08:01 6424341                    /usr/local/bin/eclipse/configuration/org.eclipse.osgi/956/0/.cp/lib/jetty/jetty-plus.jar
7fe74808b000-7fe748090000 r--s 00032000 08:01 6424340                    /usr/local/bin/eclipse/configuration/org.eclipse.osgi/956/0/.cp/lib/jetty/org.objectweb.asm.jar
7fe748090000-7fe748092000 r--s 00005000 08:01 6424339                    /usr/local/bin/eclipse/configuration/org.eclipse.osgi/956/0/.cp/lib/jetty/javax.annotation.jar
7fe748092000-7fe748094000 r--s 00011000 08:01 6424338                    /usr/local/bin/eclipse/configuration/org.eclipse.osgi/956/0/.cp/lib/jetty/jetty-annotations.jar
7fe748094000-7fe7480a3000 r--s 0019c000 08:01 6424337                    /usr/local/bin/eclipse/configuration/org.eclipse.osgi/956/0/.cp/lib/jetty/org.eclipse.jdt.core.jar
7fe7480a3000-7fe7480a6000 r--s 0001d000 08:01 6424336                    /usr/local/bin/eclipse/configuration/org.eclipse.osgi/956/0/.cp/lib/jetty/com.sun.el.jar
7fe7480a6000-7fe7480a8000 r--s 0000b000 08:01 6424335                    /usr/local/bin/eclipse/configuration/org.eclipse.osgi/956/0/.cp/lib/jetty/javax.el.jar
7fe7480a8000-7fe7480b0000 r--s 00061000 08:01 6424334                    /usr/local/bin/eclipse/configuration/org.eclipse.osgi/956/0/.cp/lib/jetty/org.apache.taglibs.standard.glassfish.jar
7fe7480b0000-7fe7480b2000 r--s 0000b000 08:01 6424333                    /usr/local/bin/eclipse/configuration/org.eclipse.osgi/956/0/.cp/lib/jetty/javax.servlet.jsp.jstl.jar
7fe7480b2000-7fe7480b9000 r--s 0008a000 08:01 6424332                    /usr/local/bin/eclipse/configuration/org.eclipse.osgi/956/0/.cp/lib/jetty/org.apache.jasper.glassfish.jar
7fe7480b9000-7fe7480bb000 r--s 00018000 08:01 6424331                    /usr/local/bin/eclipse/configuration/org.eclipse.osgi/956/0/.cp/lib/jetty/javax.servlet.jsp.jar
7fe7480bb000-7fe7480bc000 r--s 00000000 08:01 6424330                    /usr/local/bin/eclipse/configuration/org.eclipse.osgi/956/0/.cp/lib/jetty/jetty-jsp.jar
7fe7480bc000-7fe7480be000 r--s 00019000 08:01 6424328                    /usr/local/bin/eclipse/configuration/org.eclipse.osgi/956/0/.cp/lib/jetty/jetty-webapp.jar
7fe7480be000-7fe7480c0000 r--s 00017000 08:01 6424327                    /usr/local/bin/eclipse/configuration/org.eclipse.osgi/956/0/.cp/lib/jetty/jetty-servlet.jar
7fe7480c0000-7fe7480c2000 r--s 00014000 08:01 6424326                    /usr/local/bin/eclipse/configuration/org.eclipse.osgi/956/0/.cp/lib/jetty/jetty-security.jar
7fe7480c2000-7fe7480c5000 r--s 00017000 08:01 529228                     /usr/lib/jvm/java-7-openjdk-amd64/jre/lib/jce.jar
7fe7480c5000-7fe7480ca000 r--s 0004c000 08:01 529152                     /usr/lib/jvm/java-7-openjdk-amd64/jre/lib/jsse.jar
7fe7480ca000-7fe7480cf000 r--s 00042000 08:01 6424325                    /usr/local/bin/eclipse/configuration/org.eclipse.osgi/956/0/.cp/lib/jetty/jetty-util.jar
7fe7480cf000-7fe7480d2000 r--s 00017000 08:01 6424324                    /usr/local/bin/eclipse/configuration/org.eclipse.osgi/956/0/.cp/lib/jetty/jetty-io.jar
7fe7480d2000-7fe7480d4000 r--s 00016000 08:01 6424323                    /usr/local/bin/eclipse/configuration/org.eclipse.osgi/956/0/.cp/lib/jetty/jetty-http.jar
7fe7480d4000-7fe7480d6000 r--s 00004000 08:01 6424322                    /usr/local/bin/eclipse/configuration/org.eclipse.osgi/956/0/.cp/lib/jetty/jetty-continuation.jar
7fe7480d6000-7fe7480dc000 r--s 00052000 08:01 6424316                    /usr/local/bin/eclipse/configuration/org.eclipse.osgi/956/0/.cp/lib/jetty/jetty-server.jar
7fe7480dc000-7fe7480df000 r--s 0002e000 08:01 6424321                    /usr/local/bin/eclipse/configuration/org.eclipse.osgi/956/0/.cp/lib/jetty/javax.servlet.jar
7fe7480df000-7fe749867000 rw-p 00000000 00:00 0 
7fe749867000-7fe749a18000 r--s 01d25000 08:01 529813                     /usr/lib/jvm/java-7-openjdk-amd64/jre/lib/rt.jar
7fe749a18000-7fe74bf5e000 rw-p 00000000 00:00 0 
7fe74bf5e000-7fe74bf5f000 ---p 00000000 00:00 0 
7fe74bf5f000-7fe74c05f000 rw-p 00000000 00:00 0                          [stack:7245]
7fe74c05f000-7fe74c060000 ---p 00000000 00:00 0 
7fe74c060000-7fe74c160000 rw-p 00000000 00:00 0                          [stack:7244]
7fe74c160000-7fe74c161000 ---p 00000000 00:00 0 
7fe74c161000-7fe74c261000 rw-p 00000000 00:00 0                          [stack:7243]
7fe74c261000-7fe74c262000 ---p 00000000 00:00 0 
7fe74c262000-7fe74c362000 rw-p 00000000 00:00 0                          [stack:7242]
7fe74c362000-7fe74c363000 ---p 00000000 00:00 0 
7fe74c363000-7fe74c463000 rw-p 00000000 00:00 0                          [stack:7241]
7fe74c463000-7fe74c464000 ---p 00000000 00:00 0 
7fe74c464000-7fe74c564000 rw-p 00000000 00:00 0                          [stack:7240]
7fe74c564000-7fe74c565000 ---p 00000000 00:00 0 
7fe74c565000-7fe74c665000 rw-p 00000000 00:00 0                          [stack:7239]
7fe74c665000-7fe74c666000 ---p 00000000 00:00 0 
7fe74c666000-7fe74c776000 rw-p 00000000 00:00 0                          [stack:7238]
7fe74c776000-7fe74c7b9000 rw-p 00000000 00:00 0 
7fe74c7b9000-7fe74c7c9000 rw-p 00000000 00:00 0 
7fe74c7c9000-7fe74c80c000 rw-p 00000000 00:00 0 
7fe74c80c000-7fe74c820000 rw-p 00000000 00:00 0 
7fe74c820000-7fe74c942000 rw-p 00000000 00:00 0 
7fe74c942000-7fe74c950000 rw-p 00000000 00:00 0 
7fe74c950000-7fe74c9de000 rw-p 00000000 00:00 0 
7fe74c9de000-7fe74c9df000 rw-p 00000000 00:00 0 
7fe74c9df000-7fe74cc4f000 rwxp 00000000 00:00 0 
7fe74cc4f000-7fe74f9df000 rw-p 00000000 00:00 0 
7fe74f9df000-7fe74f9e7000 r-xp 00000000 08:01 527111                     /usr/lib/jvm/java-7-openjdk-amd64/jre/lib/amd64/libzip.so
7fe74f9e7000-7fe74fbe6000 ---p 00008000 08:01 527111                     /usr/lib/jvm/java-7-openjdk-amd64/jre/lib/amd64/libzip.so
7fe74fbe6000-7fe74fbe7000 r--p 00007000 08:01 527111                     /usr/lib/jvm/java-7-openjdk-amd64/jre/lib/amd64/libzip.so
7fe74fbe7000-7fe74fbe8000 rw-p 00008000 08:01 527111                     /usr/lib/jvm/java-7-openjdk-amd64/jre/lib/amd64/libzip.so
7fe74fbe8000-7fe74fbf3000 r-xp 00000000 08:01 5445                       /lib/x86_64-linux-gnu/libnss_files-2.19.so
7fe74fbf3000-7fe74fdf2000 ---p 0000b000 08:01 5445                       /lib/x86_64-linux-gnu/libnss_files-2.19.so
7fe74fdf2000-7fe74fdf3000 r--p 0000a000 08:01 5445                       /lib/x86_64-linux-gnu/libnss_files-2.19.so
7fe74fdf3000-7fe74fdf4000 rw-p 0000b000 08:01 5445                       /lib/x86_64-linux-gnu/libnss_files-2.19.so
7fe74fdf4000-7fe74fdff000 r-xp 00000000 08:01 5446                       /lib/x86_64-linux-gnu/libnss_nis-2.19.so
7fe74fdff000-7fe74fffe000 ---p 0000b000 08:01 5446                       /lib/x86_64-linux-gnu/libnss_nis-2.19.so
7fe74fffe000-7fe74ffff000 r--p 0000a000 08:01 5446                       /lib/x86_64-linux-gnu/libnss_nis-2.19.so
7fe74ffff000-7fe750000000 rw-p 0000b000 08:01 5446                       /lib/x86_64-linux-gnu/libnss_nis-2.19.so
7fe750000000-7fe750619000 rw-p 00000000 00:00 0 
7fe750619000-7fe754000000 ---p 00000000 00:00 0 
7fe754000000-7fe754001000 r--s 00009000 08:01 6424329                    /usr/local/bin/eclipse/configuration/org.eclipse.osgi/956/0/.cp/lib/jetty/jetty-xml.jar
7fe754001000-7fe754003000 r--s 00002000 08:01 6424320                    /usr/local/bin/eclipse/configuration/org.eclipse.osgi/956/0/.cp/lib/eclipse-jetty-starters-embedded.jar
7fe754003000-7fe754005000 r--s 0000a000 08:01 6424319                    /usr/local/bin/eclipse/configuration/org.eclipse.osgi/956/0/.cp/lib/eclipse-jetty-starters-console.jar
7fe754005000-7fe754041000 rw-p 00000000 00:00 0 
7fe754041000-7fe754164000 rw-p 00000000 00:00 0 
7fe754164000-7fe75417b000 r-xp 00000000 08:01 5426                       /lib/x86_64-linux-gnu/libnsl-2.19.so
7fe75417b000-7fe75437a000 ---p 00017000 08:01 5426                       /lib/x86_64-linux-gnu/libnsl-2.19.so
7fe75437a000-7fe75437b000 r--p 00016000 08:01 5426                       /lib/x86_64-linux-gnu/libnsl-2.19.so
7fe75437b000-7fe75437c000 rw-p 00017000 08:01 5426                       /lib/x86_64-linux-gnu/libnsl-2.19.so
7fe75437c000-7fe75437e000 rw-p 00000000 00:00 0 
7fe75437e000-7fe754387000 r-xp 00000000 08:01 5384                       /lib/x86_64-linux-gnu/libnss_compat-2.19.so
7fe754387000-7fe754586000 ---p 00009000 08:01 5384                       /lib/x86_64-linux-gnu/libnss_compat-2.19.so
7fe754586000-7fe754587000 r--p 00008000 08:01 5384                       /lib/x86_64-linux-gnu/libnss_compat-2.19.so
7fe754587000-7fe754588000 rw-p 00009000 08:01 5384                       /lib/x86_64-linux-gnu/libnss_compat-2.19.so
7fe754588000-7fe754c6b000 r--p 00000000 08:01 534280                     /usr/lib/locale/locale-archive
7fe754c6b000-7fe754c6e000 r-xp 00000000 08:01 528990                     /usr/lib/jvm/java-7-openjdk-amd64/jre/lib/amd64/libnpt.so
7fe754c6e000-7fe754e6d000 ---p 00003000 08:01 528990                     /usr/lib/jvm/java-7-openjdk-amd64/jre/lib/amd64/libnpt.so
7fe754e6d000-7fe754e6e000 r--p 00002000 08:01 528990                     /usr/lib/jvm/java-7-openjdk-amd64/jre/lib/amd64/libnpt.so
7fe754e6e000-7fe754e6f000 rw-p 00003000 08:01 528990                     /usr/lib/jvm/java-7-openjdk-amd64/jre/lib/amd64/libnpt.so
7fe754e6f000-7fe754ea9000 r-xp 00000000 08:01 528965                     /usr/lib/jvm/java-7-openjdk-amd64/jre/lib/amd64/libjdwp.so
7fe754ea9000-7fe7550a8000 ---p 0003a000 08:01 528965                     /usr/lib/jvm/java-7-openjdk-amd64/jre/lib/amd64/libjdwp.so
7fe7550a8000-7fe7550a9000 r--p 00039000 08:01 528965                     /usr/lib/jvm/java-7-openjdk-amd64/jre/lib/amd64/libjdwp.so
7fe7550a9000-7fe7550aa000 rw-p 0003a000 08:01 528965                     /usr/lib/jvm/java-7-openjdk-amd64/jre/lib/amd64/libjdwp.so
7fe7550aa000-7fe7550d5000 r-xp 00000000 08:01 528085                     /usr/lib/jvm/java-7-openjdk-amd64/jre/lib/amd64/libjava.so
7fe7550d5000-7fe7552d4000 ---p 0002b000 08:01 528085                     /usr/lib/jvm/java-7-openjdk-amd64/jre/lib/amd64/libjava.so
7fe7552d4000-7fe7552d5000 r--p 0002a000 08:01 528085                     /usr/lib/jvm/java-7-openjdk-amd64/jre/lib/amd64/libjava.so
7fe7552d5000-7fe7552d7000 rw-p 0002b000 08:01 528085                     /usr/lib/jvm/java-7-openjdk-amd64/jre/lib/amd64/libjava.so
7fe7552d7000-7fe7552e7000 r-xp 00000000 08:01 528973                     /usr/lib/jvm/java-7-openjdk-amd64/jre/lib/amd64/libverify.so
7fe7552e7000-7fe7554e6000 ---p 00010000 08:01 528973                     /usr/lib/jvm/java-7-openjdk-amd64/jre/lib/amd64/libverify.so
7fe7554e6000-7fe7554e8000 r--p 0000f000 08:01 528973                     /usr/lib/jvm/java-7-openjdk-amd64/jre/lib/amd64/libverify.so
7fe7554e8000-7fe7554e9000 rw-p 00011000 08:01 528973                     /usr/lib/jvm/java-7-openjdk-amd64/jre/lib/amd64/libverify.so
7fe7554e9000-7fe7554f0000 r-xp 00000000 08:01 5430                       /lib/x86_64-linux-gnu/librt-2.19.so
7fe7554f0000-7fe7556ef000 ---p 00007000 08:01 5430                       /lib/x86_64-linux-gnu/librt-2.19.so
7fe7556ef000-7fe7556f0000 r--p 00006000 08:01 5430                       /lib/x86_64-linux-gnu/librt-2.19.so
7fe7556f0000-7fe7556f1000 rw-p 00007000 08:01 5430                       /lib/x86_64-linux-gnu/librt-2.19.so
7fe7556f1000-7fe755707000 r-xp 00000000 08:01 4867                       /lib/x86_64-linux-gnu/libgcc_s.so.1
7fe755707000-7fe755906000 ---p 00016000 08:01 4867                       /lib/x86_64-linux-gnu/libgcc_s.so.1
7fe755906000-7fe755907000 rw-p 00015000 08:01 4867                       /lib/x86_64-linux-gnu/libgcc_s.so.1
7fe755907000-7fe755a0c000 r-xp 00000000 08:01 5441                       /lib/x86_64-linux-gnu/libm-2.19.so
7fe755a0c000-7fe755c0b000 ---p 00105000 08:01 5441                       /lib/x86_64-linux-gnu/libm-2.19.so
7fe755c0b000-7fe755c0c000 r--p 00104000 08:01 5441                       /lib/x86_64-linux-gnu/libm-2.19.so
7fe755c0c000-7fe755c0d000 rw-p 00105000 08:01 5441                       /lib/x86_64-linux-gnu/libm-2.19.so
7fe755c0d000-7fe755cf3000 r-xp 00000000 08:01 537514                     /usr/lib/x86_64-linux-gnu/libstdc++.so.6.0.19
7fe755cf3000-7fe755ef2000 ---p 000e6000 08:01 537514                     /usr/lib/x86_64-linux-gnu/libstdc++.so.6.0.19
7fe755ef2000-7fe755efa000 r--p 000e5000 08:01 537514                     /usr/lib/x86_64-linux-gnu/libstdc++.so.6.0.19
7fe755efa000-7fe755efc000 rw-p 000ed000 08:01 537514                     /usr/lib/x86_64-linux-gnu/libstdc++.so.6.0.19
7fe755efc000-7fe755f11000 rw-p 00000000 00:00 0 
7fe755f11000-7fe756a27000 r-xp 00000000 08:01 529018                     /usr/lib/jvm/java-7-openjdk-amd64/jre/lib/amd64/server/libjvm.so
7fe756a27000-7fe756c26000 ---p 00b16000 08:01 529018                     /usr/lib/jvm/java-7-openjdk-amd64/jre/lib/amd64/server/libjvm.so
7fe756c26000-7fe756cc0000 r--p 00b15000 08:01 529018                     /usr/lib/jvm/java-7-openjdk-amd64/jre/lib/amd64/server/libjvm.so
7fe756cc0000-7fe756ce3000 rw-p 00baf000 08:01 529018                     /usr/lib/jvm/java-7-openjdk-amd64/jre/lib/amd64/server/libjvm.so
7fe756ce3000-7fe756d11000 rw-p 00000000 00:00 0 
7fe756d11000-7fe756d29000 r-xp 00000000 08:01 5053                       /lib/x86_64-linux-gnu/libz.so.1.2.8
7fe756d29000-7fe756f28000 ---p 00018000 08:01 5053                       /lib/x86_64-linux-gnu/libz.so.1.2.8
7fe756f28000-7fe756f29000 r--p 00017000 08:01 5053                       /lib/x86_64-linux-gnu/libz.so.1.2.8
7fe756f29000-7fe756f2a000 rw-p 00018000 08:01 5053                       /lib/x86_64-linux-gnu/libz.so.1.2.8
7fe756f2a000-7fe756f43000 r-xp 00000000 08:01 5451                       /lib/x86_64-linux-gnu/libpthread-2.19.so
7fe756f43000-7fe757142000 ---p 00019000 08:01 5451                       /lib/x86_64-linux-gnu/libpthread-2.19.so
7fe757142000-7fe757143000 r--p 00018000 08:01 5451                       /lib/x86_64-linux-gnu/libpthread-2.19.so
7fe757143000-7fe757144000 rw-p 00019000 08:01 5451                       /lib/x86_64-linux-gnu/libpthread-2.19.so
7fe757144000-7fe757148000 rw-p 00000000 00:00 0 
7fe757148000-7fe75714b000 r-xp 00000000 08:01 5450                       /lib/x86_64-linux-gnu/libdl-2.19.so
7fe75714b000-7fe75734a000 ---p 00003000 08:01 5450                       /lib/x86_64-linux-gnu/libdl-2.19.so
7fe75734a000-7fe75734b000 r--p 00002000 08:01 5450                       /lib/x86_64-linux-gnu/libdl-2.19.so
7fe75734b000-7fe75734c000 rw-p 00003000 08:01 5450                       /lib/x86_64-linux-gnu/libdl-2.19.so
7fe75734c000-7fe757507000 r-xp 00000000 08:01 5438                       /lib/x86_64-linux-gnu/libc-2.19.so
7fe757507000-7fe757707000 ---p 001bb000 08:01 5438                       /lib/x86_64-linux-gnu/libc-2.19.so
7fe757707000-7fe75770b000 r--p 001bb000 08:01 5438                       /lib/x86_64-linux-gnu/libc-2.19.so
7fe75770b000-7fe75770d000 rw-p 001bf000 08:01 5438                       /lib/x86_64-linux-gnu/libc-2.19.so
7fe75770d000-7fe757712000 rw-p 00000000 00:00 0 
7fe757712000-7fe75771f000 r-xp 00000000 08:01 527466                     /usr/lib/jvm/java-7-openjdk-amd64/jre/lib/amd64/jli/libjli.so
7fe75771f000-7fe75791e000 ---p 0000d000 08:01 527466                     /usr/lib/jvm/java-7-openjdk-amd64/jre/lib/amd64/jli/libjli.so
7fe75791e000-7fe75791f000 r--p 0000c000 08:01 527466                     /usr/lib/jvm/java-7-openjdk-amd64/jre/lib/amd64/jli/libjli.so
7fe75791f000-7fe757920000 rw-p 0000d000 08:01 527466                     /usr/lib/jvm/java-7-openjdk-amd64/jre/lib/amd64/jli/libjli.so
7fe757920000-7fe757943000 r-xp 00000000 08:01 5439                       /lib/x86_64-linux-gnu/ld-2.19.so
7fe757943000-7fe757944000 r--s 00002000 08:01 6424318                    /usr/local/bin/eclipse/configuration/org.eclipse.osgi/956/0/.cp/lib/eclipse-jetty-starters-util.jar
7fe757944000-7fe757946000 r--s 00002000 08:01 6424317                    /usr/local/bin/eclipse/configuration/org.eclipse.osgi/956/0/.cp/lib/eclipse-jetty-starters-common.jar
7fe757946000-7fe75794a000 r--s 00085000 08:01 529809                     /usr/lib/jvm/java-7-openjdk-amd64/jre/lib/ext/localedata.jar
7fe75794a000-7fe75794c000 r--s 00012000 08:01 529807                     /usr/lib/jvm/java-7-openjdk-amd64/jre/lib/ext/zipfs.jar
7fe75794c000-7fe757950000 r--s 00034000 08:01 529811                     /usr/lib/jvm/java-7-openjdk-amd64/jre/lib/ext/sunjce_provider.jar
7fe757950000-7fe757953000 r--s 0000f000 08:01 529773                     /usr/lib/jvm/java-7-openjdk-amd64/jre/lib/ext/icedtea-sound.jar
7fe757953000-7fe757957000 r--s 0003c000 08:01 529808                     /usr/lib/jvm/java-7-openjdk-amd64/jre/lib/ext/sunpkcs11.jar
7fe757957000-7fe757959000 r--s 00006000 08:01 303697                     /usr/share/java/java-atk-wrapper.jar
7fe757959000-7fe75795a000 r--s 00002000 08:01 529812                     /usr/lib/jvm/java-7-openjdk-amd64/jre/lib/ext/dnsns.jar
7fe75795a000-7fe757964000 rw-p 00000000 00:00 0 
7fe757964000-7fe757a1a000 rw-p 00000000 00:00 0 
7fe757a1a000-7fe757a1d000 ---p 00000000 00:00 0 
7fe757a1d000-7fe757b36000 rw-p 00000000 00:00 0                          [stack:7237]
7fe757b36000-7fe757b3e000 rw-s 00000000 08:01 6424473                    /tmp/hsperfdata_sirolf2009/7231
7fe757b3e000-7fe757b3f000 rw-p 00000000 00:00 0 
7fe757b3f000-7fe757b40000 ---p 00000000 00:00 0 
7fe757b40000-7fe757b42000 rw-p 00000000 00:00 0 
7fe757b42000-7fe757b43000 r--p 00022000 08:01 5439                       /lib/x86_64-linux-gnu/ld-2.19.so
7fe757b43000-7fe757b44000 rw-p 00023000 08:01 5439                       /lib/x86_64-linux-gnu/ld-2.19.so
7fe757b44000-7fe757b45000 rw-p 00000000 00:00 0 
7fff12d1e000-7fff12d40000 rw-p 00000000 00:00 0                          [stack]
7fff12dfe000-7fff12e00000 r-xp 00000000 00:00 0                          [vdso]
ffffffffff600000-ffffffffff601000 r-xp 00000000 00:00 0                  [vsyscall]

VM Arguments:
jvm_args: -agentlib:jdwp=transport=dt_socket,suspend=y,address=localhost:36404 -Djetty.launcher.configuration=/tmp/eclipseJettyPlugin.config.javaDashboard.xml -Dfile.encoding=UTF-8 
java_command: net.sourceforge.eclipsejetty.starter.embedded.JettyEmbeddedLauncherMain
Launcher Type: SUN_STANDARD

Environment Variables:
PATH=/home/sirolf2009/bin:/usr/local/sbin:/usr/local/bin:/usr/sbin:/usr/bin:/sbin:/bin:/usr/games:/usr/local/games
SHELL=/bin/bash
DISPLAY=:0

Signal Handlers:
SIGSEGV: [libjvm.so+0x9495e0], sa_mask[0]=0x7ffbfeff, sa_flags=0x10000004
SIGBUS: [libjvm.so+0x9495e0], sa_mask[0]=0x7ffbfeff, sa_flags=0x10000004
SIGFPE: [libjvm.so+0x7c3410], sa_mask[0]=0x7ffbfeff, sa_flags=0x10000004
SIGPIPE: [libjvm.so+0x7c3410], sa_mask[0]=0x7ffbfeff, sa_flags=0x10000004
SIGXFSZ: [libjvm.so+0x7c3410], sa_mask[0]=0x7ffbfeff, sa_flags=0x10000004
SIGILL: [libjvm.so+0x7c3410], sa_mask[0]=0x7ffbfeff, sa_flags=0x10000004
SIGUSR1: SIG_DFL, sa_mask[0]=0x00000000, sa_flags=0x00000000
SIGUSR2: [libjvm.so+0x7c32b0], sa_mask[0]=0x00000004, sa_flags=0x10000004
SIGHUP: [libjvm.so+0x7c3490], sa_mask[0]=0x7ffbfeff, sa_flags=0x10000004
SIGINT: [libjvm.so+0x7c3490], sa_mask[0]=0x7ffbfeff, sa_flags=0x10000004
SIGTERM: [libjvm.so+0x7c3490], sa_mask[0]=0x7ffbfeff, sa_flags=0x10000004
SIGQUIT: [libjvm.so+0x7c3490], sa_mask[0]=0x7ffbfeff, sa_flags=0x10000004
SIGTRAP: SIG_DFL, sa_mask[0]=0x00000000, sa_flags=0x00000000


---------------  S Y S T E M  ---------------

OS:Ubuntu 14.04 (trusty)
uname:Linux 3.13.0-40-generic #69-Ubuntu SMP Thu Nov 13 17:53:56 UTC 2014 x86_64
libc:glibc 2.19 NPTL 2.19 
rlimit: STACK 8192k, CORE 0k, NPROC 29640, NOFILE 4096, AS infinity
load average:0,59 0,48 0,51

/proc/meminfo:
MemTotal:        3815664 kB
MemFree:          200636 kB
Buffers:            6352 kB
Cached:           225288 kB
SwapCached:        28204 kB
Active:          2171940 kB
Inactive:        1080244 kB
Active(anon):    2074292 kB
Inactive(anon):  1010900 kB
Active(file):      97648 kB
Inactive(file):    69344 kB
Unevictable:        1448 kB
Mlocked:            1448 kB
SwapTotal:       3294204 kB
SwapFree:        2930272 kB
Dirty:               436 kB
Writeback:             0 kB
AnonPages:       2994216 kB
Mapped:           245092 kB
Shmem:             64292 kB
Slab:             132068 kB
SReclaimable:      87784 kB
SUnreclaim:        44284 kB
KernelStack:        6960 kB
PageTables:        50680 kB
NFS_Unstable:          0 kB
Bounce:                0 kB
WritebackTmp:          0 kB
CommitLimit:     5202036 kB
Committed_AS:    8689684 kB
VmallocTotal:   34359738367 kB
VmallocUsed:      310344 kB
VmallocChunk:   34359423484 kB
HardwareCorrupted:     0 kB
AnonHugePages:    843776 kB
HugePages_Total:       0
HugePages_Free:        0
HugePages_Rsvd:        0
HugePages_Surp:        0
Hugepagesize:       2048 kB
DirectMap4k:      278016 kB
DirectMap2M:     3682304 kB
DirectMap1G:           0 kB


CPU:total 8 (4 cores per cpu, 2 threads per core) family 6 model 60 stepping 3, cmov, cx8, fxsr, mmx, sse, sse2, sse3, ssse3, sse4.1, sse4.2, popcnt, avx, avx2, aes, erms, ht, tsc, tscinvbit

/proc/cpuinfo:
processor	: 0
vendor_id	: GenuineIntel
cpu family	: 6
model		: 60
model name	: Intel(R) Core(TM) i7-4700MQ CPU @ 2.40GHz
stepping	: 3
microcode	: 0x16
cpu MHz		: 800.000
cache size	: 6144 KB
physical id	: 0
siblings	: 8
core id		: 0
cpu cores	: 4
apicid		: 0
initial apicid	: 0
fpu		: yes
fpu_exception	: yes
cpuid level	: 13
wp		: yes
flags		: fpu vme de pse tsc msr pae mce cx8 apic sep mtrr pge mca cmov pat pse36 clflush dts acpi mmx fxsr sse sse2 ss ht tm pbe syscall nx pdpe1gb rdtscp lm constant_tsc arch_perfmon pebs bts rep_good nopl xtopology nonstop_tsc aperfmperf eagerfpu pni pclmulqdq dtes64 monitor ds_cpl vmx est tm2 ssse3 fma cx16 xtpr pdcm pcid sse4_1 sse4_2 movbe popcnt tsc_deadline_timer aes xsave avx f16c rdrand lahf_lm abm ida arat epb xsaveopt pln pts dtherm tpr_shadow vnmi flexpriority ept vpid fsgsbase tsc_adjust bmi1 avx2 smep bmi2 erms invpcid
bogomips	: 4788.83
clflush size	: 64
cache_alignment	: 64
address sizes	: 39 bits physical, 48 bits virtual
power management:

processor	: 1
vendor_id	: GenuineIntel
cpu family	: 6
model		: 60
model name	: Intel(R) Core(TM) i7-4700MQ CPU @ 2.40GHz
stepping	: 3
microcode	: 0x16
cpu MHz		: 800.000
cache size	: 6144 KB
physical id	: 0
siblings	: 8
core id		: 0
cpu cores	: 4
apicid		: 1
initial apicid	: 1
fpu		: yes
fpu_exception	: yes
cpuid level	: 13
wp		: yes
flags		: fpu vme de pse tsc msr pae mce cx8 apic sep mtrr pge mca cmov pat pse36 clflush dts acpi mmx fxsr sse sse2 ss ht tm pbe syscall nx pdpe1gb rdtscp lm constant_tsc arch_perfmon pebs bts rep_good nopl xtopology nonstop_tsc aperfmperf eagerfpu pni pclmulqdq dtes64 monitor ds_cpl vmx est tm2 ssse3 fma cx16 xtpr pdcm pcid sse4_1 sse4_2 movbe popcnt tsc_deadline_timer aes xsave avx f16c rdrand lahf_lm abm ida arat epb xsaveopt pln pts dtherm tpr_shadow vnmi flexpriority ept vpid fsgsbase tsc_adjust bmi1 avx2 smep bmi2 erms invpcid
bogomips	: 4788.83
clflush size	: 64
cache_alignment	: 64
address sizes	: 39 bits physical, 48 bits virtual
power management:

processor	: 2
vendor_id	: GenuineIntel
cpu family	: 6
model		: 60
model name	: Intel(R) Core(TM) i7-4700MQ CPU @ 2.40GHz
stepping	: 3
microcode	: 0x16
cpu MHz		: 1500.000
cache size	: 6144 KB
physical id	: 0
siblings	: 8
core id		: 1
cpu cores	: 4
apicid		: 2
initial apicid	: 2
fpu		: yes
fpu_exception	: yes
cpuid level	: 13
wp		: yes
flags		: fpu vme de pse tsc msr pae mce cx8 apic sep mtrr pge mca cmov pat pse36 clflush dts acpi mmx fxsr sse sse2 ss ht tm pbe syscall nx pdpe1gb rdtscp lm constant_tsc arch_perfmon pebs bts rep_good nopl xtopology nonstop_tsc aperfmperf eagerfpu pni pclmulqdq dtes64 monitor ds_cpl vmx est tm2 ssse3 fma cx16 xtpr pdcm pcid sse4_1 sse4_2 movbe popcnt tsc_deadline_timer aes xsave avx f16c rdrand lahf_lm abm ida arat epb xsaveopt pln pts dtherm tpr_shadow vnmi flexpriority ept vpid fsgsbase tsc_adjust bmi1 avx2 smep bmi2 erms invpcid
bogomips	: 4788.83
clflush size	: 64
cache_alignment	: 64
address sizes	: 39 bits physical, 48 bits virtual
power management:

processor	: 3
vendor_id	: GenuineIntel
cpu family	: 6
model		: 60
model name	: Intel(R) Core(TM) i7-4700MQ CPU @ 2.40GHz
stepping	: 3
microcode	: 0x16
cpu MHz		: 800.000
cache size	: 6144 KB
physical id	: 0
siblings	: 8
core id		: 1
cpu cores	: 4
apicid		: 3
initial apicid	: 3
fpu		: yes
fpu_exception	: yes
cpuid level	: 13
wp		: yes
flags		: fpu vme de pse tsc msr pae mce cx8 apic sep mtrr pge mca cmov pat pse36 clflush dts acpi mmx fxsr sse sse2 ss ht tm pbe syscall nx pdpe1gb rdtscp lm constant_tsc arch_perfmon pebs bts rep_good nopl xtopology nonstop_tsc aperfmperf eagerfpu pni pclmulqdq dtes64 monitor ds_cpl vmx est tm2 ssse3 fma cx16 xtpr pdcm pcid sse4_1 sse4_2 movbe popcnt tsc_deadline_timer aes xsave avx f16c rdrand lahf_lm abm ida arat epb xsaveopt pln pts dtherm tpr_shadow vnmi flexpriority ept vpid fsgsbase tsc_adjust bmi1 avx2 smep bmi2 erms invpcid
bogomips	: 4788.83
clflush size	: 64
cache_alignment	: 64
address sizes	: 39 bits physical, 48 bits virtual
power management:

processor	: 4
vendor_id	: GenuineIntel
cpu family	: 6
model		: 60
model name	: Intel(R) Core(TM) i7-4700MQ CPU @ 2.40GHz
stepping	: 3
microcode	: 0x16
cpu MHz		: 2401.000
cache size	: 6144 KB
physical id	: 0
siblings	: 8
core id		: 2
cpu cores	: 4
apicid		: 4
initial apicid	: 4
fpu		: yes
fpu_exception	: yes
cpuid level	: 13
wp		: yes
flags		: fpu vme de pse tsc msr pae mce cx8 apic sep mtrr pge mca cmov pat pse36 clflush dts acpi mmx fxsr sse sse2 ss ht tm pbe syscall nx pdpe1gb rdtscp lm constant_tsc arch_perfmon pebs bts rep_good nopl xtopology nonstop_tsc aperfmperf eagerfpu pni pclmulqdq dtes64 monitor ds_cpl vmx est tm2 ssse3 fma cx16 xtpr pdcm pcid sse4_1 sse4_2 movbe popcnt tsc_deadline_timer aes xsave avx f16c rdrand lahf_lm abm ida arat epb xsaveopt pln pts dtherm tpr_shadow vnmi flexpriority ept vpid fsgsbase tsc_adjust bmi1 avx2 smep bmi2 erms invpcid
bogomips	: 4788.83
clflush size	: 64
cache_alignment	: 64
address sizes	: 39 bits physical, 48 bits virtual
power management:

processor	: 5
vendor_id	: GenuineIntel
cpu family	: 6
model		: 60
model name	: Intel(R) Core(TM) i7-4700MQ CPU @ 2.40GHz
stepping	: 3
microcode	: 0x16
cpu MHz		: 2401.000
cache size	: 6144 KB
physical id	: 0
siblings	: 8
core id		: 2
cpu cores	: 4
apicid		: 5
initial apicid	: 5
fpu		: yes
fpu_exception	: yes
cpuid level	: 13
wp		: yes
flags		: fpu vme de pse tsc msr pae mce cx8 apic sep mtrr pge mca cmov pat pse36 clflush dts acpi mmx fxsr sse sse2 ss ht tm pbe syscall nx pdpe1gb rdtscp lm constant_tsc arch_perfmon pebs bts rep_good nopl xtopology nonstop_tsc aperfmperf eagerfpu pni pclmulqdq dtes64 monitor ds_cpl vmx est tm2 ssse3 fma cx16 xtpr pdcm pcid sse4_1 sse4_2 movbe popcnt tsc_deadline_timer aes xsave avx f16c rdrand lahf_lm abm ida arat epb xsaveopt pln pts dtherm tpr_shadow vnmi flexpriority ept vpid fsgsbase tsc_adjust bmi1 avx2 smep bmi2 erms invpcid
bogomips	: 4788.83
clflush size	: 64
cache_alignment	: 64
address sizes	: 39 bits physical, 48 bits virtual
power management:

processor	: 6
vendor_id	: GenuineIntel
cpu family	: 6
model		: 60
model name	: Intel(R) Core(TM) i7-4700MQ CPU @ 2.40GHz
stepping	: 3
microcode	: 0x16
cpu MHz		: 2401.000
cache size	: 6144 KB
physical id	: 0
siblings	: 8
core id		: 3
cpu cores	: 4
apicid		: 6
initial apicid	: 6
fpu		: yes
fpu_exception	: yes
cpuid level	: 13
wp		: yes
flags		: fpu vme de pse tsc msr pae mce cx8 apic sep mtrr pge mca cmov pat pse36 clflush dts acpi mmx fxsr sse sse2 ss ht tm pbe syscall nx pdpe1gb rdtscp lm constant_tsc arch_perfmon pebs bts rep_good nopl xtopology nonstop_tsc aperfmperf eagerfpu pni pclmulqdq dtes64 monitor ds_cpl vmx est tm2 ssse3 fma cx16 xtpr pdcm pcid sse4_1 sse4_2 movbe popcnt tsc_deadline_timer aes xsave avx f16c rdrand lahf_lm abm ida arat epb xsaveopt pln pts dtherm tpr_shadow vnmi flexpriority ept vpid fsgsbase tsc_adjust bmi1 avx2 smep bmi2 erms invpcid
bogomips	: 4788.83
clflush size	: 64
cache_alignment	: 64
address sizes	: 39 bits physical, 48 bits virtual
power management:

processor	: 7
vendor_id	: GenuineIntel
cpu family	: 6
model		: 60
model name	: Intel(R) Core(TM) i7-4700MQ CPU @ 2.40GHz
stepping	: 3
microcode	: 0x16
cpu MHz		: 900.000
cache size	: 6144 KB
physical id	: 0
siblings	: 8
core id		: 3
cpu cores	: 4
apicid		: 7
initial apicid	: 7
fpu		: yes
fpu_exception	: yes
cpuid level	: 13
wp		: yes
flags		: fpu vme de pse tsc msr pae mce cx8 apic sep mtrr pge mca cmov pat pse36 clflush dts acpi mmx fxsr sse sse2 ss ht tm pbe syscall nx pdpe1gb rdtscp lm constant_tsc arch_perfmon pebs bts rep_good nopl xtopology nonstop_tsc aperfmperf eagerfpu pni pclmulqdq dtes64 monitor ds_cpl vmx est tm2 ssse3 fma cx16 xtpr pdcm pcid sse4_1 sse4_2 movbe popcnt tsc_deadline_timer aes xsave avx f16c rdrand lahf_lm abm ida arat epb xsaveopt pln pts dtherm tpr_shadow vnmi flexpriority ept vpid fsgsbase tsc_adjust bmi1 avx2 smep bmi2 erms invpcid
bogomips	: 4788.83
clflush size	: 64
cache_alignment	: 64
address sizes	: 39 bits physical, 48 bits virtual
power management:



Memory: 4k page, physical 3815664k(200636k free), swap 3294204k(2930272k free)

vm_info: OpenJDK 64-Bit Server VM (24.65-b04) for linux-amd64 JRE (1.7.0_65-b32), built on Oct 22 2014 04:37:44 by "buildd" with gcc 4.8.2

time: Tue Dec  9 11:10:41 2014
elapsed time: 1492 seconds

